/iridisfs/home/oeg1n18/QuantPlaceFinder/finetune.py:26: FutureWarning: You are using `torch.load` with `weights_only=False` (the current default value), which uses the default pickle module implicitly. It is possible to construct malicious pickle data which will execute arbitrary code during unpickling (See https://github.com/pytorch/pytorch/blob/main/SECURITY.md#untrusted-models for more details). In a future release, the default value for `weights_only` will be flipped to `True`. This limits the functions that could be executed during unpickling. Arbitrary objects will no longer be allowed to be loaded via this mode unless they are explicitly allowlisted by the user via `torch.serialization.add_safe_globals`. We recommend you start setting `weights_only=True` for any use case where you don't have full control of the loaded file. Please open an issue on GitHub for any issues related to this experimental feature.
  sd = torch.load(args.weights_path)["state_dict"]
Using bfloat16 Automatic Mixed Precision (AMP)
GPU available: True (cuda), used: True
TPU available: False, using: 0 TPU cores
HPU available: False, using: 0 HPUs
wandb: Using wandb-core as the SDK backend.  Please refer to https://wandb.me/wandb-core for more information.
wandb: Currently logged in as: oliver1998 (vpr_minds). Use `wandb login --relogin` to force relogin
wandb: Tracking run with wandb version 0.18.7
wandb: Run data is saved locally in ./wandb/run-20241218_012103-1r4a0bry
wandb: Run `wandb offline` to turn off syncing.
wandb: Syncing run backbone[vit_base_plrbitlinear]_agg[mixvpr]_aug[lightaugment]_quant_schedule[sigmoid]_res[322x322]
wandb: ⭐️ View project at https://wandb.ai/vpr_minds/tetra
wandb: 🚀 View run at https://wandb.ai/vpr_minds/tetra/runs/1r4a0bry
LOCAL_RANK: 0 - CUDA_VISIBLE_DEVICES: [0]
Loading `train_dataloader` to estimate number of stepping batches.

  | Name       | Type                 | Params | Mode 
------------------------------------------------------------
0 | fp_loss_fn | MultiSimilarityLoss  | 0      | train
1 | fp_miner   | MultiSimilarityMiner | 0      | train
2 | q_loss_fn  | MultiSimilarityLoss  | 0      | train
3 | q_miner    | MultiSimilarityMiner | 0      | train
4 | model      | VPRModel             | 91.2 M | train
------------------------------------------------------------
5.3 M     Trainable params
86.0 M    Non-trainable params
91.2 M    Total params
364.934   Total estimated model params size (MB)
301       Modules in train mode
0         Modules in eval mode
SLURM auto-requeueing enabled. Setting signal handlers.
`Trainer.fit` stopped: `max_epochs=8` reached.
/iridisfs/home/oeg1n18/QuantPlaceFinder/finetune.py:26: FutureWarning: You are using `torch.load` with `weights_only=False` (the current default value), which uses the default pickle module implicitly. It is possible to construct malicious pickle data which will execute arbitrary code during unpickling (See https://github.com/pytorch/pytorch/blob/main/SECURITY.md#untrusted-models for more details). In a future release, the default value for `weights_only` will be flipped to `True`. This limits the functions that could be executed during unpickling. Arbitrary objects will no longer be allowed to be loaded via this mode unless they are explicitly allowlisted by the user via `torch.serialization.add_safe_globals`. We recommend you start setting `weights_only=True` for any use case where you don't have full control of the loaded file. Please open an issue on GitHub for any issues related to this experimental feature.
  sd = torch.load(args.weights_path)["state_dict"]
Using bfloat16 Automatic Mixed Precision (AMP)
GPU available: True (cuda), used: True
TPU available: False, using: 0 TPU cores
HPU available: False, using: 0 HPUs
wandb: Using wandb-core as the SDK backend.  Please refer to https://wandb.me/wandb-core for more information.
wandb: Currently logged in as: oliver1998 (vpr_minds). Use `wandb login --relogin` to force relogin
wandb: Tracking run with wandb version 0.18.7
wandb: Run data is saved locally in ./wandb/run-20241218_021852-iw37frxs
wandb: Run `wandb offline` to turn off syncing.
wandb: Syncing run backbone[vit_base_plrbitlinear]_agg[mixvpr]_aug[lightaugment]_quant_schedule[sigmoid]_res[224x224]
wandb: ⭐️ View project at https://wandb.ai/vpr_minds/tetra
wandb: 🚀 View run at https://wandb.ai/vpr_minds/tetra/runs/iw37frxs
LOCAL_RANK: 0 - CUDA_VISIBLE_DEVICES: [0]
Loading `train_dataloader` to estimate number of stepping batches.

  | Name       | Type                 | Params | Mode 
------------------------------------------------------------
0 | fp_loss_fn | MultiSimilarityLoss  | 0      | train
1 | fp_miner   | MultiSimilarityMiner | 0      | train
2 | q_loss_fn  | MultiSimilarityLoss  | 0      | train
3 | q_miner    | MultiSimilarityMiner | 0      | train
4 | model      | VPRModel             | 90.7 M | train
------------------------------------------------------------
5.0 M     Trainable params
85.7 M    Non-trainable params
90.7 M    Total params
362.977   Total estimated model params size (MB)
301       Modules in train mode
0         Modules in eval mode
SLURM auto-requeueing enabled. Setting signal handlers.
`Trainer.fit` stopped: `max_epochs=8` reached.
/iridisfs/home/oeg1n18/QuantPlaceFinder/finetune.py:26: FutureWarning: You are using `torch.load` with `weights_only=False` (the current default value), which uses the default pickle module implicitly. It is possible to construct malicious pickle data which will execute arbitrary code during unpickling (See https://github.com/pytorch/pytorch/blob/main/SECURITY.md#untrusted-models for more details). In a future release, the default value for `weights_only` will be flipped to `True`. This limits the functions that could be executed during unpickling. Arbitrary objects will no longer be allowed to be loaded via this mode unless they are explicitly allowlisted by the user via `torch.serialization.add_safe_globals`. We recommend you start setting `weights_only=True` for any use case where you don't have full control of the loaded file. Please open an issue on GitHub for any issues related to this experimental feature.
  sd = torch.load(args.weights_path)["state_dict"]
Using bfloat16 Automatic Mixed Precision (AMP)
GPU available: True (cuda), used: True
TPU available: False, using: 0 TPU cores
HPU available: False, using: 0 HPUs
wandb: Using wandb-core as the SDK backend.  Please refer to https://wandb.me/wandb-core for more information.
wandb: Currently logged in as: oliver1998 (vpr_minds). Use `wandb login --relogin` to force relogin
wandb: Tracking run with wandb version 0.18.7
wandb: Run data is saved locally in ./wandb/run-20241218_024757-kil2irn5
wandb: Run `wandb offline` to turn off syncing.
wandb: Syncing run backbone[vit_small_plrbitlinear]_agg[mixvpr]_aug[lightaugment]_quant_schedule[sigmoid]_res[322x322]
wandb: ⭐️ View project at https://wandb.ai/vpr_minds/tetra
wandb: 🚀 View run at https://wandb.ai/vpr_minds/tetra/runs/kil2irn5
LOCAL_RANK: 0 - CUDA_VISIBLE_DEVICES: [0]
Loading `train_dataloader` to estimate number of stepping batches.

  | Name       | Type                 | Params | Mode 
------------------------------------------------------------
0 | fp_loss_fn | MultiSimilarityLoss  | 0      | train
1 | fp_miner   | MultiSimilarityMiner | 0      | train
2 | q_loss_fn  | MultiSimilarityLoss  | 0      | train
3 | q_miner    | MultiSimilarityMiner | 0      | train
4 | model      | VPRModel             | 27.0 M | train
------------------------------------------------------------
1.7 M     Trainable params
25.3 M    Non-trainable params
27.0 M    Total params
108.069   Total estimated model params size (MB)
301       Modules in train mode
0         Modules in eval mode
SLURM auto-requeueing enabled. Setting signal handlers.
`Trainer.fit` stopped: `max_epochs=8` reached.
/iridisfs/home/oeg1n18/QuantPlaceFinder/finetune.py:26: FutureWarning: You are using `torch.load` with `weights_only=False` (the current default value), which uses the default pickle module implicitly. It is possible to construct malicious pickle data which will execute arbitrary code during unpickling (See https://github.com/pytorch/pytorch/blob/main/SECURITY.md#untrusted-models for more details). In a future release, the default value for `weights_only` will be flipped to `True`. This limits the functions that could be executed during unpickling. Arbitrary objects will no longer be allowed to be loaded via this mode unless they are explicitly allowlisted by the user via `torch.serialization.add_safe_globals`. We recommend you start setting `weights_only=True` for any use case where you don't have full control of the loaded file. Please open an issue on GitHub for any issues related to this experimental feature.
  sd = torch.load(args.weights_path)["state_dict"]
Using bfloat16 Automatic Mixed Precision (AMP)
GPU available: True (cuda), used: True
TPU available: False, using: 0 TPU cores
HPU available: False, using: 0 HPUs
wandb: Using wandb-core as the SDK backend.  Please refer to https://wandb.me/wandb-core for more information.
wandb: Currently logged in as: oliver1998 (vpr_minds). Use `wandb login --relogin` to force relogin
wandb: Tracking run with wandb version 0.18.7
wandb: Run data is saved locally in ./wandb/run-20241218_032406-8uob5css
wandb: Run `wandb offline` to turn off syncing.
wandb: Syncing run backbone[vit_small_plrbitlinear]_agg[mixvpr]_aug[lightaugment]_quant_schedule[sigmoid]_res[224x224]
wandb: ⭐️ View project at https://wandb.ai/vpr_minds/tetra
wandb: 🚀 View run at https://wandb.ai/vpr_minds/tetra/runs/8uob5css
LOCAL_RANK: 0 - CUDA_VISIBLE_DEVICES: [0]
Loading `train_dataloader` to estimate number of stepping batches.

  | Name       | Type                 | Params | Mode 
------------------------------------------------------------
0 | fp_loss_fn | MultiSimilarityLoss  | 0      | train
1 | fp_miner   | MultiSimilarityMiner | 0      | train
2 | q_loss_fn  | MultiSimilarityLoss  | 0      | train
3 | q_miner    | MultiSimilarityMiner | 0      | train
4 | model      | VPRModel             | 26.6 M | train
------------------------------------------------------------
1.5 M     Trainable params
25.2 M    Non-trainable params
26.6 M    Total params
106.531   Total estimated model params size (MB)
301       Modules in train mode
0         Modules in eval mode
SLURM auto-requeueing enabled. Setting signal handlers.
`Trainer.fit` stopped: `max_epochs=8` reached.
