Running SLURM prolog script on swarmh1002
===============================================================================
Job started on Tue Jan 21 22:42:40 GMT 2025
Job ID          : 71665
Job name        : vitbaset_salad_322
WorkDir         : /iridisfs/home/oeg1n18/QuantPlaceFinder
Command         : /iridisfs/home/oeg1n18/QuantPlaceFinder/jobfiles/pretrain/vitbase_salad_322.slurm
Partition       : swarm_h100
Num hosts       : 1
Num cores       : 16
Num of tasks    : 1
Hosts allocated : swarmh1002
Job Output Follows ...
===============================================================================
VPRModel(
  (backbone): ViT(
    (to_patch_embedding): Sequential(
      (0): Rearrange('b c (h p1) (w p2) -> b (h w) (p1 p2 c)', p1=14, p2=14)
      (1): LayerNorm((588,), eps=1e-05, elementwise_affine=True)
      (2): Linear(in_features=588, out_features=768, bias=True)
      (3): LayerNorm((768,), eps=1e-05, elementwise_affine=True)
    )
    (dropout): Dropout(p=0.1, inplace=False)
    (transformer): Transformer(
      (norm): LayerNorm((768,), eps=1e-05, elementwise_affine=True)
      (layers): ModuleList(
        (0-11): 12 x ModuleList(
          (0): Attention(
            (lnorm1): LayerNorm((768,), eps=1e-05, elementwise_affine=True)
            (lnorm2): LayerNorm((768,), eps=1e-05, elementwise_affine=True)
            (to_qkv): BitLinear(in_features=768, out_features=2304, bias=False)
            (attend): Softmax(dim=-1)
            (dropout): Dropout(p=0.1, inplace=False)
            (to_out): Sequential(
              (0): BitLinear(in_features=768, out_features=768, bias=True)
              (1): Dropout(p=0.1, inplace=False)
            )
          )
          (1): FeedForward(
            (net): Sequential(
              (0): LayerNorm((768,), eps=1e-05, elementwise_affine=True)
              (1): BitLinear(in_features=768, out_features=3072, bias=True)
              (2): GELU(approximate='none')
              (3): Dropout(p=0.1, inplace=False)
              (4): LayerNorm((3072,), eps=1e-05, elementwise_affine=True)
              (5): BitLinear(in_features=3072, out_features=768, bias=True)
              (6): Dropout(p=0.1, inplace=False)
            )
          )
        )
      )
    )
  )
  (aggreagtion): SALAD(
    (token_features): Sequential(
      (0): Linear(in_features=768, out_features=512, bias=True)
      (1): ReLU()
      (2): Linear(in_features=512, out_features=256, bias=True)
    )
    (cluster_features): Sequential(
      (0): Conv2d(768, 512, kernel_size=(1, 1), stride=(1, 1))
      (1): Dropout(p=0.3, inplace=False)
      (2): ReLU()
      (3): Conv2d(512, 128, kernel_size=(1, 1), stride=(1, 1))
    )
    (score): Sequential(
      (0): Conv2d(768, 512, kernel_size=(1, 1), stride=(1, 1))
      (1): Dropout(p=0.3, inplace=False)
      (2): ReLU()
      (3): Conv2d(512, 64, kernel_size=(1, 1), stride=(1, 1))
    )
  )
)
Scanning directory: /scratch/oeg1n18/datasets/vpr/sf_xl/raw/train/panoramas
Found subdirectories. Scanning each:
  37.71: 228643 images
  37.76: 412361 images
  37.72: 235935 images
  37.78: 438066 images
  37.74: 311148 images
  37.70: 163665 images
  37.80: 188416 images
  37.77: 458764 images
  37.73: 347857 images
  37.79: 309385 images
  37.75: 335999 images
  37.81: 853 images
Total images found: 3431092
Scanning directory: /scratch/oeg1n18/datasets/vpr/sf_xl/raw/train/panoramas
Found subdirectories. Scanning each:
  37.71: 228643 images
  37.76: 412361 images
  37.72: 235935 images
  37.78: 438066 images
  37.74: 311148 images
  37.70: 163665 images
  37.80: 188416 images
  37.77: 458764 images
  37.73: 347857 images
  37.79: 309385 images
  37.75: 335999 images
  37.81: 853 images
Total images found: 3431092
Scanning directory: /scratch/oeg1n18/datasets/vpr/sf_xl/raw/train/panoramas
Found subdirectories. Scanning each:
  37.71: 228643 images
  37.76: 412361 images
  37.72: 235935 images
  37.78: 438066 images
  37.74: 311148 images
  37.70: 163665 images
  37.80: 188416 images
  37.77: 458764 images
  37.73: 347857 images
  37.79: 309385 images
  37.75: 335999 images
  37.81: 853 images
Total images found: 3431092
[1;34mwandb[0m:
[1;34mwandb[0m: You can sync this run to the cloud by running:
[1;34mwandb[0m: [1mwandb sync ./wandb/offline-run-20250121_224253-khhvyrbb[0m
==============================================================================
Running epilogue script on swarmh1002.

Submit time  : 2025-01-21T22:42:37
Start time   : 2025-01-21T22:42:40
End time     : 2025-01-22T05:11:20
Elapsed time : 06:28:40 (Timelimit=2-11:00:00)

Job ID: 71665
Cluster: iridis_x
User/Group: oeg1n18/
State: FAILED (exit code 1)
Nodes: 1
Cores per node: 16
CPU Utilized: 1-14:45:50
CPU Efficiency: 37.40% of 4-07:38:40 core-walltime
Job Wall-clock time: 06:28:40
Memory Utilized: 109.33 GB
Memory Efficiency: 170.82% of 64.00 GB
