Using bfloat16 Automatic Mixed Precision (AMP)
GPU available: True (cuda), used: True
TPU available: False, using: 0 TPU cores
HPU available: False, using: 0 HPUs
wandb: Using wandb-core as the SDK backend.  Please refer to https://wandb.me/wandb-core for more information.
wandb: WARNING `resume` will be ignored since W&B syncing is set to `offline`. Starting a new run with run id ei3qsqve.
wandb: Tracking run with wandb version 0.18.7
wandb: W&B syncing is set to `offline` in this directory.  
wandb: Run `wandb online` or set WANDB_MODE=online to enable cloud syncing.
LOCAL_RANK: 0 - CUDA_VISIBLE_DEVICES: [0]
Loading `train_dataloader` to estimate number of stepping batches.

  | Name       | Type                 | Params | Mode 
------------------------------------------------------------
0 | fp_loss_fn | MultiSimilarityLoss  | 0      | train
1 | fp_miner   | MultiSimilarityMiner | 0      | train
2 | q_loss_fn  | MultiSimilarityLoss  | 0      | train
3 | q_miner    | MultiSimilarityMiner | 0      | train
4 | model      | VPRModel             | 100 M  | train
------------------------------------------------------------
14.1 M    Trainable params
86.0 M    Non-trainable params
100 M     Total params
400.415   Total estimated model params size (MB)
288       Modules in train mode
0         Modules in eval mode
SLURM auto-requeueing enabled. Setting signal handlers.
`Trainer.fit` stopped: `max_epochs=4` reached.
Using bfloat16 Automatic Mixed Precision (AMP)
GPU available: True (cuda), used: True
TPU available: False, using: 0 TPU cores
HPU available: False, using: 0 HPUs
wandb: Using wandb-core as the SDK backend.  Please refer to https://wandb.me/wandb-core for more information.
wandb: WARNING `resume` will be ignored since W&B syncing is set to `offline`. Starting a new run with run id 24gteczp.
wandb: Tracking run with wandb version 0.18.7
wandb: W&B syncing is set to `offline` in this directory.  
wandb: Run `wandb online` or set WANDB_MODE=online to enable cloud syncing.
LOCAL_RANK: 0 - CUDA_VISIBLE_DEVICES: [0]
Loading `train_dataloader` to estimate number of stepping batches.

  | Name       | Type                 | Params | Mode 
------------------------------------------------------------
0 | fp_loss_fn | MultiSimilarityLoss  | 0      | train
1 | fp_miner   | MultiSimilarityMiner | 0      | train
2 | q_loss_fn  | MultiSimilarityLoss  | 0      | train
3 | q_miner    | MultiSimilarityMiner | 0      | train
4 | model      | VPRModel             | 99.9 M | train
------------------------------------------------------------
14.1 M    Trainable params
85.8 M    Non-trainable params
99.9 M    Total params
399.577   Total estimated model params size (MB)
288       Modules in train mode
0         Modules in eval mode
SLURM auto-requeueing enabled. Setting signal handlers.
`Trainer.fit` stopped: `max_epochs=4` reached.
Using bfloat16 Automatic Mixed Precision (AMP)
GPU available: True (cuda), used: True
TPU available: False, using: 0 TPU cores
HPU available: False, using: 0 HPUs
wandb: Using wandb-core as the SDK backend.  Please refer to https://wandb.me/wandb-core for more information.
wandb: WARNING `resume` will be ignored since W&B syncing is set to `offline`. Starting a new run with run id xo0jmurt.
wandb: Tracking run with wandb version 0.18.7
wandb: W&B syncing is set to `offline` in this directory.  
wandb: Run `wandb online` or set WANDB_MODE=online to enable cloud syncing.
LOCAL_RANK: 0 - CUDA_VISIBLE_DEVICES: [0]
Loading `train_dataloader` to estimate number of stepping batches.

  | Name       | Type                 | Params | Mode 
------------------------------------------------------------
0 | fp_loss_fn | MultiSimilarityLoss  | 0      | train
1 | fp_miner   | MultiSimilarityMiner | 0      | train
2 | q_loss_fn  | MultiSimilarityLoss  | 0      | train
3 | q_miner    | MultiSimilarityMiner | 0      | train
4 | model      | VPRModel             | 37.9 M | train
------------------------------------------------------------
12.4 M    Trainable params
25.5 M    Non-trainable params
37.9 M    Total params
151.499   Total estimated model params size (MB)
288       Modules in train mode
0         Modules in eval mode
SLURM auto-requeueing enabled. Setting signal handlers.
`Trainer.fit` stopped: `max_epochs=4` reached.
Using bfloat16 Automatic Mixed Precision (AMP)
GPU available: True (cuda), used: True
TPU available: False, using: 0 TPU cores
HPU available: False, using: 0 HPUs
wandb: Using wandb-core as the SDK backend.  Please refer to https://wandb.me/wandb-core for more information.
wandb: WARNING `resume` will be ignored since W&B syncing is set to `offline`. Starting a new run with run id o295p1kp.
wandb: Tracking run with wandb version 0.18.7
wandb: W&B syncing is set to `offline` in this directory.  
wandb: Run `wandb online` or set WANDB_MODE=online to enable cloud syncing.
LOCAL_RANK: 0 - CUDA_VISIBLE_DEVICES: [0]
Loading `train_dataloader` to estimate number of stepping batches.

  | Name       | Type                 | Params | Mode 
------------------------------------------------------------
0 | fp_loss_fn | MultiSimilarityLoss  | 0      | train
1 | fp_miner   | MultiSimilarityMiner | 0      | train
2 | q_loss_fn  | MultiSimilarityLoss  | 0      | train
3 | q_miner    | MultiSimilarityMiner | 0      | train
4 | model      | VPRModel             | 37.8 M | train
------------------------------------------------------------
12.4 M    Trainable params
25.4 M    Non-trainable params
37.8 M    Total params
151.079   Total estimated model params size (MB)
288       Modules in train mode
0         Modules in eval mode
SLURM auto-requeueing enabled. Setting signal handlers.
`Trainer.fit` stopped: `max_epochs=4` reached.
Using bfloat16 Automatic Mixed Precision (AMP)
GPU available: True (cuda), used: True
TPU available: False, using: 0 TPU cores
HPU available: False, using: 0 HPUs
wandb: Using wandb-core as the SDK backend.  Please refer to https://wandb.me/wandb-core for more information.
wandb: WARNING `resume` will be ignored since W&B syncing is set to `offline`. Starting a new run with run id 5ga1rafj.
wandb: Tracking run with wandb version 0.18.7
wandb: W&B syncing is set to `offline` in this directory.  
wandb: Run `wandb online` or set WANDB_MODE=online to enable cloud syncing.
LOCAL_RANK: 0 - CUDA_VISIBLE_DEVICES: [0]
Loading `train_dataloader` to estimate number of stepping batches.

  | Name       | Type                 | Params | Mode 
------------------------------------------------------------
0 | fp_loss_fn | MultiSimilarityLoss  | 0      | train
1 | fp_miner   | MultiSimilarityMiner | 0      | train
2 | q_loss_fn  | MultiSimilarityLoss  | 0      | train
3 | q_miner    | MultiSimilarityMiner | 0      | train
4 | model      | VPRModel             | 90.4 M | train
------------------------------------------------------------
4.4 M     Trainable params
86.0 M    Non-trainable params
90.4 M    Total params
361.695   Total estimated model params size (MB)
288       Modules in train mode
0         Modules in eval mode
SLURM auto-requeueing enabled. Setting signal handlers.
`Trainer.fit` stopped: `max_epochs=4` reached.
Using bfloat16 Automatic Mixed Precision (AMP)
GPU available: True (cuda), used: True
TPU available: False, using: 0 TPU cores
HPU available: False, using: 0 HPUs
wandb: Using wandb-core as the SDK backend.  Please refer to https://wandb.me/wandb-core for more information.
wandb: WARNING `resume` will be ignored since W&B syncing is set to `offline`. Starting a new run with run id y9lu5d5o.
wandb: Tracking run with wandb version 0.18.7
wandb: W&B syncing is set to `offline` in this directory.  
wandb: Run `wandb online` or set WANDB_MODE=online to enable cloud syncing.
LOCAL_RANK: 0 - CUDA_VISIBLE_DEVICES: [0]
Loading `train_dataloader` to estimate number of stepping batches.

  | Name       | Type                 | Params | Mode 
------------------------------------------------------------
0 | fp_loss_fn | MultiSimilarityLoss  | 0      | train
1 | fp_miner   | MultiSimilarityMiner | 0      | train
2 | q_loss_fn  | MultiSimilarityLoss  | 0      | train
3 | q_miner    | MultiSimilarityMiner | 0      | train
4 | model      | VPRModel             | 90.2 M | train
------------------------------------------------------------
4.4 M     Trainable params
85.8 M    Non-trainable params
90.2 M    Total params
360.856   Total estimated model params size (MB)
288       Modules in train mode
0         Modules in eval mode
SLURM auto-requeueing enabled. Setting signal handlers.
`Trainer.fit` stopped: `max_epochs=4` reached.
Using bfloat16 Automatic Mixed Precision (AMP)
GPU available: True (cuda), used: True
TPU available: False, using: 0 TPU cores
HPU available: False, using: 0 HPUs
wandb: Using wandb-core as the SDK backend.  Please refer to https://wandb.me/wandb-core for more information.
wandb: WARNING `resume` will be ignored since W&B syncing is set to `offline`. Starting a new run with run id m7bbp2tn.
wandb: Tracking run with wandb version 0.18.7
wandb: W&B syncing is set to `offline` in this directory.  
wandb: Run `wandb online` or set WANDB_MODE=online to enable cloud syncing.
LOCAL_RANK: 0 - CUDA_VISIBLE_DEVICES: [0]
Loading `train_dataloader` to estimate number of stepping batches.

  | Name       | Type                 | Params | Mode 
------------------------------------------------------------
0 | fp_loss_fn | MultiSimilarityLoss  | 0      | train
1 | fp_miner   | MultiSimilarityMiner | 0      | train
2 | q_loss_fn  | MultiSimilarityLoss  | 0      | train
3 | q_miner    | MultiSimilarityMiner | 0      | train
4 | model      | VPRModel             | 29.1 M | train
------------------------------------------------------------
3.6 M     Trainable params
25.5 M    Non-trainable params
29.1 M    Total params
116.317   Total estimated model params size (MB)
288       Modules in train mode
0         Modules in eval mode
SLURM auto-requeueing enabled. Setting signal handlers.
`Trainer.fit` stopped: `max_epochs=4` reached.
Using bfloat16 Automatic Mixed Precision (AMP)
GPU available: True (cuda), used: True
TPU available: False, using: 0 TPU cores
HPU available: False, using: 0 HPUs
wandb: Using wandb-core as the SDK backend.  Please refer to https://wandb.me/wandb-core for more information.
wandb: WARNING `resume` will be ignored since W&B syncing is set to `offline`. Starting a new run with run id 2spete0y.
wandb: Tracking run with wandb version 0.18.7
wandb: W&B syncing is set to `offline` in this directory.  
wandb: Run `wandb online` or set WANDB_MODE=online to enable cloud syncing.
LOCAL_RANK: 0 - CUDA_VISIBLE_DEVICES: [0]
Loading `train_dataloader` to estimate number of stepping batches.

  | Name       | Type                 | Params | Mode 
------------------------------------------------------------
0 | fp_loss_fn | MultiSimilarityLoss  | 0      | train
1 | fp_miner   | MultiSimilarityMiner | 0      | train
2 | q_loss_fn  | MultiSimilarityLoss  | 0      | train
3 | q_miner    | MultiSimilarityMiner | 0      | train
4 | model      | VPRModel             | 29.0 M | train
------------------------------------------------------------
3.6 M     Trainable params
25.4 M    Non-trainable params
29.0 M    Total params
115.898   Total estimated model params size (MB)
288       Modules in train mode
0         Modules in eval mode
SLURM auto-requeueing enabled. Setting signal handlers.
`Trainer.fit` stopped: `max_epochs=4` reached.
Using bfloat16 Automatic Mixed Precision (AMP)
GPU available: True (cuda), used: True
TPU available: False, using: 0 TPU cores
HPU available: False, using: 0 HPUs
wandb: Using wandb-core as the SDK backend.  Please refer to https://wandb.me/wandb-core for more information.
wandb: WARNING `resume` will be ignored since W&B syncing is set to `offline`. Starting a new run with run id 3305lpjh.
wandb: Tracking run with wandb version 0.18.7
wandb: W&B syncing is set to `offline` in this directory.  
wandb: Run `wandb online` or set WANDB_MODE=online to enable cloud syncing.
LOCAL_RANK: 0 - CUDA_VISIBLE_DEVICES: [0]
Loading `train_dataloader` to estimate number of stepping batches.

  | Name       | Type                 | Params | Mode 
------------------------------------------------------------
0 | fp_loss_fn | MultiSimilarityLoss  | 0      | train
1 | fp_miner   | MultiSimilarityMiner | 0      | train
2 | q_loss_fn  | MultiSimilarityLoss  | 0      | train
3 | q_miner    | MultiSimilarityMiner | 0      | train
4 | model      | VPRModel             | 87.5 M | train
------------------------------------------------------------
1.6 M     Trainable params
86.0 M    Non-trainable params
87.5 M    Total params
350.199   Total estimated model params size (MB)
288       Modules in train mode
0         Modules in eval mode
SLURM auto-requeueing enabled. Setting signal handlers.
`Trainer.fit` stopped: `max_epochs=4` reached.
Using bfloat16 Automatic Mixed Precision (AMP)
GPU available: True (cuda), used: True
TPU available: False, using: 0 TPU cores
HPU available: False, using: 0 HPUs
wandb: Using wandb-core as the SDK backend.  Please refer to https://wandb.me/wandb-core for more information.
wandb: WARNING `resume` will be ignored since W&B syncing is set to `offline`. Starting a new run with run id xlnl714b.
wandb: Tracking run with wandb version 0.18.7
wandb: W&B syncing is set to `offline` in this directory.  
wandb: Run `wandb online` or set WANDB_MODE=online to enable cloud syncing.
LOCAL_RANK: 0 - CUDA_VISIBLE_DEVICES: [0]
Loading `train_dataloader` to estimate number of stepping batches.

  | Name       | Type                 | Params | Mode 
------------------------------------------------------------
0 | fp_loss_fn | MultiSimilarityLoss  | 0      | train
1 | fp_miner   | MultiSimilarityMiner | 0      | train
2 | q_loss_fn  | MultiSimilarityLoss  | 0      | train
3 | q_miner    | MultiSimilarityMiner | 0      | train
4 | model      | VPRModel             | 87.3 M | train
------------------------------------------------------------
1.6 M     Trainable params
85.8 M    Non-trainable params
87.3 M    Total params
349.360   Total estimated model params size (MB)
288       Modules in train mode
0         Modules in eval mode
SLURM auto-requeueing enabled. Setting signal handlers.
