Running SLURM prolog script on swarmh1001
===============================================================================
Job started on Sun Feb  2 09:52:48 GMT 2025
Job ID          : 76073
Job name        : gem
WorkDir         : /iridisfs/home/oeg1n18/QuantPlaceFinder
Command         : /iridisfs/home/oeg1n18/QuantPlaceFinder/jobfiles/finetune/gem.slurm
Partition       : swarm_h100
Num hosts       : 1
Num cores       : 12
Num of tasks    : 1
Hosts allocated : swarmh1001
Job Output Follows ...
===============================================================================
=================================== None
=================================== None

Validation Results:
+---------+-------------+------------+
| Dataset | Float32 R@1 | Binary R@1 |
+---------+-------------+------------+
|   MSLS  |    72.8%    |   71.1%    |
+---------+-------------+------------+

Validation Results:
+---------+-------------+------------+
| Dataset | Float32 R@1 | Binary R@1 |
+---------+-------------+------------+
|   MSLS  |    76.2%    |   74.8%    |
+---------+-------------+------------+

Validation Results:
+---------+-------------+------------+
| Dataset | Float32 R@1 | Binary R@1 |
+---------+-------------+------------+
|   MSLS  |    77.8%    |   76.3%    |
+---------+-------------+------------+

Validation Results:
+---------+-------------+------------+
| Dataset | Float32 R@1 | Binary R@1 |
+---------+-------------+------------+
|   MSLS  |    79.0%    |   77.2%    |
+---------+-------------+------------+

Validation Results:
+---------+-------------+------------+
| Dataset | Float32 R@1 | Binary R@1 |
+---------+-------------+------------+
|   MSLS  |    79.4%    |   77.8%    |
+---------+-------------+------------+

Validation Results:
+---------+-------------+------------+
| Dataset | Float32 R@1 | Binary R@1 |
+---------+-------------+------------+
|   MSLS  |    79.7%    |   77.9%    |
+---------+-------------+------------+

Validation Results:
+---------+-------------+------------+
| Dataset | Float32 R@1 | Binary R@1 |
+---------+-------------+------------+
|   MSLS  |    79.9%    |   78.4%    |
+---------+-------------+------------+

Validation Results:
+---------+-------------+------------+
| Dataset | Float32 R@1 | Binary R@1 |
+---------+-------------+------------+
|   MSLS  |    80.1%    |   78.6%    |
+---------+-------------+------------+

Validation Results:
+---------+-------------+------------+
| Dataset | Float32 R@1 | Binary R@1 |
+---------+-------------+------------+
|   MSLS  |    80.3%    |   79.1%    |
+---------+-------------+------------+

Validation Results:
+---------+-------------+------------+
| Dataset | Float32 R@1 | Binary R@1 |
+---------+-------------+------------+
|   MSLS  |    80.3%    |   79.2%    |
+---------+-------------+------------+

Validation Results:
+---------+-------------+------------+
| Dataset | Float32 R@1 | Binary R@1 |
+---------+-------------+------------+
|   MSLS  |    80.4%    |   79.0%    |
+---------+-------------+------------+

Validation Results:
+---------+-------------+------------+
| Dataset | Float32 R@1 | Binary R@1 |
+---------+-------------+------------+
|   MSLS  |    80.3%    |   79.1%    |
+---------+-------------+------------+

Validation Results:
+---------+-------------+------------+
| Dataset | Float32 R@1 | Binary R@1 |
+---------+-------------+------------+
|   MSLS  |    80.5%    |   79.2%    |
+---------+-------------+------------+

Validation Results:
+---------+-------------+------------+
| Dataset | Float32 R@1 | Binary R@1 |
+---------+-------------+------------+
|   MSLS  |    80.5%    |   79.1%    |
+---------+-------------+------------+

Validation Results:
+---------+-------------+------------+
| Dataset | Float32 R@1 | Binary R@1 |
+---------+-------------+------------+
|   MSLS  |    80.5%    |   79.2%    |
+---------+-------------+------------+

Validation Results:
+---------+-------------+------------+
| Dataset | Float32 R@1 | Binary R@1 |
+---------+-------------+------------+
|   MSLS  |    80.6%    |   79.2%    |
+---------+-------------+------------+

Validation Results:
+---------+-------------+------------+
| Dataset | Float32 R@1 | Binary R@1 |
+---------+-------------+------------+
|   MSLS  |    80.6%    |   79.5%    |
+---------+-------------+------------+

Validation Results:
+---------+-------------+------------+
| Dataset | Float32 R@1 | Binary R@1 |
+---------+-------------+------------+
|   MSLS  |    80.6%    |   79.6%    |
+---------+-------------+------------+

Validation Results:
+---------+-------------+------------+
| Dataset | Float32 R@1 | Binary R@1 |
+---------+-------------+------------+
|   MSLS  |    80.6%    |   79.2%    |
+---------+-------------+------------+

Validation Results:
+---------+-------------+------------+
| Dataset | Float32 R@1 | Binary R@1 |
+---------+-------------+------------+
|   MSLS  |    80.7%    |   79.3%    |
+---------+-------------+------------+

Validation Results:
+---------+-------------+------------+
| Dataset | Float32 R@1 | Binary R@1 |
+---------+-------------+------------+
|   MSLS  |    80.7%    |   79.5%    |
+---------+-------------+------------+

Validation Results:
+---------+-------------+------------+
| Dataset | Float32 R@1 | Binary R@1 |
+---------+-------------+------------+
|   MSLS  |    80.7%    |   79.3%    |
+---------+-------------+------------+

Validation Results:
+---------+-------------+------------+
| Dataset | Float32 R@1 | Binary R@1 |
+---------+-------------+------------+
|   MSLS  |    80.8%    |   79.2%    |
+---------+-------------+------------+

Validation Results:
+---------+-------------+------------+
| Dataset | Float32 R@1 | Binary R@1 |
+---------+-------------+------------+
|   MSLS  |    80.7%    |   79.4%    |
+---------+-------------+------------+

Validation Results:
+---------+-------------+------------+
| Dataset | Float32 R@1 | Binary R@1 |
+---------+-------------+------------+
|   MSLS  |    80.7%    |   79.4%    |
+---------+-------------+------------+

Validation Results:
+---------+-------------+------------+
| Dataset | Float32 R@1 | Binary R@1 |
+---------+-------------+------------+
|   MSLS  |    80.7%    |   79.2%    |
+---------+-------------+------------+

Validation Results:
+---------+-------------+------------+
| Dataset | Float32 R@1 | Binary R@1 |
+---------+-------------+------------+
|   MSLS  |    80.7%    |   79.3%    |
+---------+-------------+------------+

Validation Results:
+---------+-------------+------------+
| Dataset | Float32 R@1 | Binary R@1 |
+---------+-------------+------------+
|   MSLS  |    80.7%    |   79.4%    |
+---------+-------------+------------+

Validation Results:
+---------+-------------+------------+
| Dataset | Float32 R@1 | Binary R@1 |
+---------+-------------+------------+
|   MSLS  |    80.7%    |   79.2%    |
+---------+-------------+------------+

Validation Results:
+---------+-------------+------------+
| Dataset | Float32 R@1 | Binary R@1 |
+---------+-------------+------------+
|   MSLS  |    80.7%    |   79.3%    |
+---------+-------------+------------+

Validation Results:
+---------+-------------+------------+
| Dataset | Float32 R@1 | Binary R@1 |
+---------+-------------+------------+
|   MSLS  |    80.7%    |   79.3%    |
+---------+-------------+------------+

Validation Results:
+---------+-------------+------------+
| Dataset | Float32 R@1 | Binary R@1 |
+---------+-------------+------------+
|   MSLS  |    80.7%    |   79.3%    |
+---------+-------------+------------+

Validation Results:
+---------+-------------+------------+
| Dataset | Float32 R@1 | Binary R@1 |
+---------+-------------+------------+
|   MSLS  |    80.7%    |   79.4%    |
+---------+-------------+------------+

Validation Results:
+---------+-------------+------------+
| Dataset | Float32 R@1 | Binary R@1 |
+---------+-------------+------------+
|   MSLS  |    80.7%    |   79.4%    |
+---------+-------------+------------+

Validation Results:
+---------+-------------+------------+
| Dataset | Float32 R@1 | Binary R@1 |
+---------+-------------+------------+
|   MSLS  |    80.7%    |   79.2%    |
+---------+-------------+------------+

Validation Results:
+---------+-------------+------------+
| Dataset | Float32 R@1 | Binary R@1 |
+---------+-------------+------------+
|   MSLS  |    80.7%    |   79.3%    |
+---------+-------------+------------+

Validation Results:
+---------+-------------+------------+
| Dataset | Float32 R@1 | Binary R@1 |
+---------+-------------+------------+
|   MSLS  |    80.7%    |   79.3%    |
+---------+-------------+------------+

Validation Results:
+---------+-------------+------------+
| Dataset | Float32 R@1 | Binary R@1 |
+---------+-------------+------------+
|   MSLS  |    80.6%    |   79.2%    |
+---------+-------------+------------+

Validation Results:
+---------+-------------+------------+
| Dataset | Float32 R@1 | Binary R@1 |
+---------+-------------+------------+
|   MSLS  |    80.7%    |   79.4%    |
+---------+-------------+------------+

Validation Results:
+---------+-------------+------------+
| Dataset | Float32 R@1 | Binary R@1 |
+---------+-------------+------------+
|   MSLS  |    80.7%    |   79.3%    |
+---------+-------------+------------+
[1;34mwandb[0m:
[1;34mwandb[0m: You can sync this run to the cloud by running:
[1;34mwandb[0m: [1mwandb sync ./wandb/offline-run-20250202_095312-bm1oh5og[0m
=================================== None
=================================== None

Validation Results:
+---------+-------------+------------+
| Dataset | Float32 R@1 | Binary R@1 |
+---------+-------------+------------+
|   MSLS  |    72.0%    |   69.5%    |
+---------+-------------+------------+

Validation Results:
+---------+-------------+------------+
| Dataset | Float32 R@1 | Binary R@1 |
+---------+-------------+------------+
|   MSLS  |    75.4%    |   72.2%    |
+---------+-------------+------------+

Validation Results:
+---------+-------------+------------+
| Dataset | Float32 R@1 | Binary R@1 |
+---------+-------------+------------+
|   MSLS  |    77.2%    |   74.4%    |
+---------+-------------+------------+

Validation Results:
+---------+-------------+------------+
| Dataset | Float32 R@1 | Binary R@1 |
+---------+-------------+------------+
|   MSLS  |    78.2%    |   75.4%    |
+---------+-------------+------------+

Validation Results:
+---------+-------------+------------+
| Dataset | Float32 R@1 | Binary R@1 |
+---------+-------------+------------+
|   MSLS  |    78.7%    |   75.5%    |
+---------+-------------+------------+

Validation Results:
+---------+-------------+------------+
| Dataset | Float32 R@1 | Binary R@1 |
+---------+-------------+------------+
|   MSLS  |    79.0%    |   76.1%    |
+---------+-------------+------------+

Validation Results:
+---------+-------------+------------+
| Dataset | Float32 R@1 | Binary R@1 |
+---------+-------------+------------+
|   MSLS  |    79.0%    |   76.2%    |
+---------+-------------+------------+

Validation Results:
+---------+-------------+------------+
| Dataset | Float32 R@1 | Binary R@1 |
+---------+-------------+------------+
|   MSLS  |    79.2%    |   76.3%    |
+---------+-------------+------------+

Validation Results:
+---------+-------------+------------+
| Dataset | Float32 R@1 | Binary R@1 |
+---------+-------------+------------+
|   MSLS  |    79.6%    |   76.5%    |
+---------+-------------+------------+

Validation Results:
+---------+-------------+------------+
| Dataset | Float32 R@1 | Binary R@1 |
+---------+-------------+------------+
|   MSLS  |    79.8%    |   76.8%    |
+---------+-------------+------------+

Validation Results:
+---------+-------------+------------+
| Dataset | Float32 R@1 | Binary R@1 |
+---------+-------------+------------+
|   MSLS  |    79.8%    |   77.0%    |
+---------+-------------+------------+

Validation Results:
+---------+-------------+------------+
| Dataset | Float32 R@1 | Binary R@1 |
+---------+-------------+------------+
|   MSLS  |    79.9%    |   76.9%    |
+---------+-------------+------------+

Validation Results:
+---------+-------------+------------+
| Dataset | Float32 R@1 | Binary R@1 |
+---------+-------------+------------+
|   MSLS  |    79.8%    |   77.0%    |
+---------+-------------+------------+

Validation Results:
+---------+-------------+------------+
| Dataset | Float32 R@1 | Binary R@1 |
+---------+-------------+------------+
|   MSLS  |    80.0%    |   77.0%    |
+---------+-------------+------------+

Validation Results:
+---------+-------------+------------+
| Dataset | Float32 R@1 | Binary R@1 |
+---------+-------------+------------+
|   MSLS  |    80.0%    |   77.2%    |
+---------+-------------+------------+

Validation Results:
+---------+-------------+------------+
| Dataset | Float32 R@1 | Binary R@1 |
+---------+-------------+------------+
|   MSLS  |    80.0%    |   77.2%    |
+---------+-------------+------------+

Validation Results:
+---------+-------------+------------+
| Dataset | Float32 R@1 | Binary R@1 |
+---------+-------------+------------+
|   MSLS  |    80.1%    |   77.6%    |
+---------+-------------+------------+

Validation Results:
+---------+-------------+------------+
| Dataset | Float32 R@1 | Binary R@1 |
+---------+-------------+------------+
|   MSLS  |    80.1%    |   77.2%    |
+---------+-------------+------------+

Validation Results:
+---------+-------------+------------+
| Dataset | Float32 R@1 | Binary R@1 |
+---------+-------------+------------+
|   MSLS  |    80.1%    |   76.9%    |
+---------+-------------+------------+

Validation Results:
+---------+-------------+------------+
| Dataset | Float32 R@1 | Binary R@1 |
+---------+-------------+------------+
|   MSLS  |    80.1%    |   77.3%    |
+---------+-------------+------------+

Validation Results:
+---------+-------------+------------+
| Dataset | Float32 R@1 | Binary R@1 |
+---------+-------------+------------+
|   MSLS  |    80.1%    |   77.2%    |
+---------+-------------+------------+

Validation Results:
+---------+-------------+------------+
| Dataset | Float32 R@1 | Binary R@1 |
+---------+-------------+------------+
|   MSLS  |    80.2%    |   77.5%    |
+---------+-------------+------------+

Validation Results:
+---------+-------------+------------+
| Dataset | Float32 R@1 | Binary R@1 |
+---------+-------------+------------+
|   MSLS  |    80.2%    |   77.2%    |
+---------+-------------+------------+

Validation Results:
+---------+-------------+------------+
| Dataset | Float32 R@1 | Binary R@1 |
+---------+-------------+------------+
|   MSLS  |    80.1%    |   77.4%    |
+---------+-------------+------------+

Validation Results:
+---------+-------------+------------+
| Dataset | Float32 R@1 | Binary R@1 |
+---------+-------------+------------+
|   MSLS  |    80.2%    |   77.3%    |
+---------+-------------+------------+

Validation Results:
+---------+-------------+------------+
| Dataset | Float32 R@1 | Binary R@1 |
+---------+-------------+------------+
|   MSLS  |    80.1%    |   77.4%    |
+---------+-------------+------------+

Validation Results:
+---------+-------------+------------+
| Dataset | Float32 R@1 | Binary R@1 |
+---------+-------------+------------+
|   MSLS  |    80.2%    |   77.4%    |
+---------+-------------+------------+

Validation Results:
+---------+-------------+------------+
| Dataset | Float32 R@1 | Binary R@1 |
+---------+-------------+------------+
|   MSLS  |    80.1%    |   77.3%    |
+---------+-------------+------------+

Validation Results:
+---------+-------------+------------+
| Dataset | Float32 R@1 | Binary R@1 |
+---------+-------------+------------+
|   MSLS  |    80.1%    |   77.4%    |
+---------+-------------+------------+

Validation Results:
+---------+-------------+------------+
| Dataset | Float32 R@1 | Binary R@1 |
+---------+-------------+------------+
|   MSLS  |    80.1%    |   77.6%    |
+---------+-------------+------------+

Validation Results:
+---------+-------------+------------+
| Dataset | Float32 R@1 | Binary R@1 |
+---------+-------------+------------+
|   MSLS  |    80.2%    |   77.4%    |
+---------+-------------+------------+

Validation Results:
+---------+-------------+------------+
| Dataset | Float32 R@1 | Binary R@1 |
+---------+-------------+------------+
|   MSLS  |    80.2%    |   77.2%    |
+---------+-------------+------------+

Validation Results:
+---------+-------------+------------+
| Dataset | Float32 R@1 | Binary R@1 |
+---------+-------------+------------+
|   MSLS  |    80.1%    |   77.4%    |
+---------+-------------+------------+

Validation Results:
+---------+-------------+------------+
| Dataset | Float32 R@1 | Binary R@1 |
+---------+-------------+------------+
|   MSLS  |    80.1%    |   77.1%    |
+---------+-------------+------------+

Validation Results:
+---------+-------------+------------+
| Dataset | Float32 R@1 | Binary R@1 |
+---------+-------------+------------+
|   MSLS  |    80.1%    |   77.2%    |
+---------+-------------+------------+

Validation Results:
+---------+-------------+------------+
| Dataset | Float32 R@1 | Binary R@1 |
+---------+-------------+------------+
|   MSLS  |    80.1%    |   77.3%    |
+---------+-------------+------------+

Validation Results:
+---------+-------------+------------+
| Dataset | Float32 R@1 | Binary R@1 |
+---------+-------------+------------+
|   MSLS  |    80.2%    |   77.3%    |
+---------+-------------+------------+

Validation Results:
+---------+-------------+------------+
| Dataset | Float32 R@1 | Binary R@1 |
+---------+-------------+------------+
|   MSLS  |    80.1%    |   77.4%    |
+---------+-------------+------------+

Validation Results:
+---------+-------------+------------+
| Dataset | Float32 R@1 | Binary R@1 |
+---------+-------------+------------+
|   MSLS  |    80.1%    |   77.2%    |
+---------+-------------+------------+

Validation Results:
+---------+-------------+------------+
| Dataset | Float32 R@1 | Binary R@1 |
+---------+-------------+------------+
|   MSLS  |    80.1%    |   77.4%    |
+---------+-------------+------------+
[1;34mwandb[0m:
[1;34mwandb[0m: You can sync this run to the cloud by running:
[1;34mwandb[0m: [1mwandb sync ./wandb/offline-run-20250202_185237-hw65yfh0[0m
=================================== None
=================================== None

Validation Results:
+---------+-------------+------------+
| Dataset | Float32 R@1 | Binary R@1 |
+---------+-------------+------------+
|   MSLS  |    71.5%    |   65.8%    |
+---------+-------------+------------+

Validation Results:
+---------+-------------+------------+
| Dataset | Float32 R@1 | Binary R@1 |
+---------+-------------+------------+
|   MSLS  |    75.0%    |   69.5%    |
+---------+-------------+------------+

Validation Results:
+---------+-------------+------------+
| Dataset | Float32 R@1 | Binary R@1 |
+---------+-------------+------------+
|   MSLS  |    77.0%    |   70.8%    |
+---------+-------------+------------+

Validation Results:
+---------+-------------+------------+
| Dataset | Float32 R@1 | Binary R@1 |
+---------+-------------+------------+
|   MSLS  |    77.5%    |   71.8%    |
+---------+-------------+------------+

Validation Results:
+---------+-------------+------------+
| Dataset | Float32 R@1 | Binary R@1 |
+---------+-------------+------------+
|   MSLS  |    78.1%    |   72.3%    |
+---------+-------------+------------+

Validation Results:
+---------+-------------+------------+
| Dataset | Float32 R@1 | Binary R@1 |
+---------+-------------+------------+
|   MSLS  |    78.4%    |   72.5%    |
+---------+-------------+------------+

Validation Results:
+---------+-------------+------------+
| Dataset | Float32 R@1 | Binary R@1 |
+---------+-------------+------------+
|   MSLS  |    78.7%    |   73.5%    |
+---------+-------------+------------+

Validation Results:
+---------+-------------+------------+
| Dataset | Float32 R@1 | Binary R@1 |
+---------+-------------+------------+
|   MSLS  |    79.0%    |   73.7%    |
+---------+-------------+------------+

Validation Results:
+---------+-------------+------------+
| Dataset | Float32 R@1 | Binary R@1 |
+---------+-------------+------------+
|   MSLS  |    79.1%    |   73.5%    |
+---------+-------------+------------+

Validation Results:
+---------+-------------+------------+
| Dataset | Float32 R@1 | Binary R@1 |
+---------+-------------+------------+
|   MSLS  |    79.4%    |   73.6%    |
+---------+-------------+------------+

Validation Results:
+---------+-------------+------------+
| Dataset | Float32 R@1 | Binary R@1 |
+---------+-------------+------------+
|   MSLS  |    79.3%    |   73.9%    |
+---------+-------------+------------+

Validation Results:
+---------+-------------+------------+
| Dataset | Float32 R@1 | Binary R@1 |
+---------+-------------+------------+
|   MSLS  |    79.3%    |   74.1%    |
+---------+-------------+------------+

Validation Results:
+---------+-------------+------------+
| Dataset | Float32 R@1 | Binary R@1 |
+---------+-------------+------------+
|   MSLS  |    79.3%    |   74.2%    |
+---------+-------------+------------+

Validation Results:
+---------+-------------+------------+
| Dataset | Float32 R@1 | Binary R@1 |
+---------+-------------+------------+
|   MSLS  |    79.3%    |   74.2%    |
+---------+-------------+------------+

Validation Results:
+---------+-------------+------------+
| Dataset | Float32 R@1 | Binary R@1 |
+---------+-------------+------------+
|   MSLS  |    79.5%    |   74.1%    |
+---------+-------------+------------+

Validation Results:
+---------+-------------+------------+
| Dataset | Float32 R@1 | Binary R@1 |
+---------+-------------+------------+
|   MSLS  |    79.6%    |   74.4%    |
+---------+-------------+------------+

Validation Results:
+---------+-------------+------------+
| Dataset | Float32 R@1 | Binary R@1 |
+---------+-------------+------------+
|   MSLS  |    79.5%    |   74.3%    |
+---------+-------------+------------+

Validation Results:
+---------+-------------+------------+
| Dataset | Float32 R@1 | Binary R@1 |
+---------+-------------+------------+
|   MSLS  |    79.7%    |   74.4%    |
+---------+-------------+------------+

Validation Results:
+---------+-------------+------------+
| Dataset | Float32 R@1 | Binary R@1 |
+---------+-------------+------------+
|   MSLS  |    79.6%    |   74.6%    |
+---------+-------------+------------+

Validation Results:
+---------+-------------+------------+
| Dataset | Float32 R@1 | Binary R@1 |
+---------+-------------+------------+
|   MSLS  |    79.6%    |   74.2%    |
+---------+-------------+------------+

Validation Results:
+---------+-------------+------------+
| Dataset | Float32 R@1 | Binary R@1 |
+---------+-------------+------------+
|   MSLS  |    79.6%    |   74.4%    |
+---------+-------------+------------+

Validation Results:
+---------+-------------+------------+
| Dataset | Float32 R@1 | Binary R@1 |
+---------+-------------+------------+
|   MSLS  |    79.6%    |   74.3%    |
+---------+-------------+------------+

Validation Results:
+---------+-------------+------------+
| Dataset | Float32 R@1 | Binary R@1 |
+---------+-------------+------------+
|   MSLS  |    79.7%    |   74.4%    |
+---------+-------------+------------+

Validation Results:
+---------+-------------+------------+
| Dataset | Float32 R@1 | Binary R@1 |
+---------+-------------+------------+
|   MSLS  |    79.6%    |   74.3%    |
+---------+-------------+------------+
