Running SLURM prolog script on swarmh1001
===============================================================================
Job started on Sun Feb  2 09:52:46 GMT 2025
Job ID          : 76072
Job name        : mixvpr
WorkDir         : /iridisfs/home/oeg1n18/QuantPlaceFinder
Command         : /iridisfs/home/oeg1n18/QuantPlaceFinder/jobfiles/finetune/mixvpr.slurm
Partition       : swarm_h100
Num hosts       : 1
Num cores       : 12
Num of tasks    : 1
Hosts allocated : swarmh1001
Job Output Follows ...
===============================================================================
=================================== None
=================================== None

Validation Results:
+---------+-------------+------------+
| Dataset | Float32 R@1 | Binary R@1 |
+---------+-------------+------------+
|   MSLS  |    71.0%    |   67.7%    |
+---------+-------------+------------+

Validation Results:
+---------+-------------+------------+
| Dataset | Float32 R@1 | Binary R@1 |
+---------+-------------+------------+
|   MSLS  |    74.3%    |   70.5%    |
+---------+-------------+------------+

Validation Results:
+---------+-------------+------------+
| Dataset | Float32 R@1 | Binary R@1 |
+---------+-------------+------------+
|   MSLS  |    78.0%    |   74.7%    |
+---------+-------------+------------+

Validation Results:
+---------+-------------+------------+
| Dataset | Float32 R@1 | Binary R@1 |
+---------+-------------+------------+
|   MSLS  |    79.8%    |   78.2%    |
+---------+-------------+------------+

Validation Results:
+---------+-------------+------------+
| Dataset | Float32 R@1 | Binary R@1 |
+---------+-------------+------------+
|   MSLS  |    80.8%    |   79.5%    |
+---------+-------------+------------+

Validation Results:
+---------+-------------+------------+
| Dataset | Float32 R@1 | Binary R@1 |
+---------+-------------+------------+
|   MSLS  |    81.4%    |   80.0%    |
+---------+-------------+------------+

Validation Results:
+---------+-------------+------------+
| Dataset | Float32 R@1 | Binary R@1 |
+---------+-------------+------------+
|   MSLS  |    81.6%    |   80.7%    |
+---------+-------------+------------+

Validation Results:
+---------+-------------+------------+
| Dataset | Float32 R@1 | Binary R@1 |
+---------+-------------+------------+
|   MSLS  |    82.3%    |   81.3%    |
+---------+-------------+------------+

Validation Results:
+---------+-------------+------------+
| Dataset | Float32 R@1 | Binary R@1 |
+---------+-------------+------------+
|   MSLS  |    82.6%    |   81.6%    |
+---------+-------------+------------+

Validation Results:
+---------+-------------+------------+
| Dataset | Float32 R@1 | Binary R@1 |
+---------+-------------+------------+
|   MSLS  |    82.9%    |   81.6%    |
+---------+-------------+------------+

Validation Results:
+---------+-------------+------------+
| Dataset | Float32 R@1 | Binary R@1 |
+---------+-------------+------------+
|   MSLS  |    82.9%    |   81.7%    |
+---------+-------------+------------+

Validation Results:
+---------+-------------+------------+
| Dataset | Float32 R@1 | Binary R@1 |
+---------+-------------+------------+
|   MSLS  |    82.8%    |   81.8%    |
+---------+-------------+------------+

Validation Results:
+---------+-------------+------------+
| Dataset | Float32 R@1 | Binary R@1 |
+---------+-------------+------------+
|   MSLS  |    83.0%    |   81.9%    |
+---------+-------------+------------+

Validation Results:
+---------+-------------+------------+
| Dataset | Float32 R@1 | Binary R@1 |
+---------+-------------+------------+
|   MSLS  |    83.1%    |   81.9%    |
+---------+-------------+------------+

Validation Results:
+---------+-------------+------------+
| Dataset | Float32 R@1 | Binary R@1 |
+---------+-------------+------------+
|   MSLS  |    83.2%    |   82.2%    |
+---------+-------------+------------+

Validation Results:
+---------+-------------+------------+
| Dataset | Float32 R@1 | Binary R@1 |
+---------+-------------+------------+
|   MSLS  |    83.1%    |   81.9%    |
+---------+-------------+------------+

Validation Results:
+---------+-------------+------------+
| Dataset | Float32 R@1 | Binary R@1 |
+---------+-------------+------------+
|   MSLS  |    83.1%    |   82.1%    |
+---------+-------------+------------+

Validation Results:
+---------+-------------+------------+
| Dataset | Float32 R@1 | Binary R@1 |
+---------+-------------+------------+
|   MSLS  |    83.2%    |   82.3%    |
+---------+-------------+------------+

Validation Results:
+---------+-------------+------------+
| Dataset | Float32 R@1 | Binary R@1 |
+---------+-------------+------------+
|   MSLS  |    83.2%    |   82.2%    |
+---------+-------------+------------+

Validation Results:
+---------+-------------+------------+
| Dataset | Float32 R@1 | Binary R@1 |
+---------+-------------+------------+
|   MSLS  |    83.2%    |   82.2%    |
+---------+-------------+------------+

Validation Results:
+---------+-------------+------------+
| Dataset | Float32 R@1 | Binary R@1 |
+---------+-------------+------------+
|   MSLS  |    83.2%    |   82.1%    |
+---------+-------------+------------+

Validation Results:
+---------+-------------+------------+
| Dataset | Float32 R@1 | Binary R@1 |
+---------+-------------+------------+
|   MSLS  |    83.2%    |   82.1%    |
+---------+-------------+------------+

Validation Results:
+---------+-------------+------------+
| Dataset | Float32 R@1 | Binary R@1 |
+---------+-------------+------------+
|   MSLS  |    83.3%    |   82.3%    |
+---------+-------------+------------+

Validation Results:
+---------+-------------+------------+
| Dataset | Float32 R@1 | Binary R@1 |
+---------+-------------+------------+
|   MSLS  |    83.3%    |   82.1%    |
+---------+-------------+------------+

Validation Results:
+---------+-------------+------------+
| Dataset | Float32 R@1 | Binary R@1 |
+---------+-------------+------------+
|   MSLS  |    83.2%    |   82.1%    |
+---------+-------------+------------+

Validation Results:
+---------+-------------+------------+
| Dataset | Float32 R@1 | Binary R@1 |
+---------+-------------+------------+
|   MSLS  |    83.2%    |   82.1%    |
+---------+-------------+------------+

Validation Results:
+---------+-------------+------------+
| Dataset | Float32 R@1 | Binary R@1 |
+---------+-------------+------------+
|   MSLS  |    83.2%    |   82.2%    |
+---------+-------------+------------+

Validation Results:
+---------+-------------+------------+
| Dataset | Float32 R@1 | Binary R@1 |
+---------+-------------+------------+
|   MSLS  |    83.2%    |   82.1%    |
+---------+-------------+------------+

Validation Results:
+---------+-------------+------------+
| Dataset | Float32 R@1 | Binary R@1 |
+---------+-------------+------------+
|   MSLS  |    83.3%    |   82.3%    |
+---------+-------------+------------+

Validation Results:
+---------+-------------+------------+
| Dataset | Float32 R@1 | Binary R@1 |
+---------+-------------+------------+
|   MSLS  |    83.3%    |   82.1%    |
+---------+-------------+------------+

Validation Results:
+---------+-------------+------------+
| Dataset | Float32 R@1 | Binary R@1 |
+---------+-------------+------------+
|   MSLS  |    83.3%    |   82.1%    |
+---------+-------------+------------+

Validation Results:
+---------+-------------+------------+
| Dataset | Float32 R@1 | Binary R@1 |
+---------+-------------+------------+
|   MSLS  |    83.3%    |   82.2%    |
+---------+-------------+------------+

Validation Results:
+---------+-------------+------------+
| Dataset | Float32 R@1 | Binary R@1 |
+---------+-------------+------------+
|   MSLS  |    83.3%    |   82.1%    |
+---------+-------------+------------+

Validation Results:
+---------+-------------+------------+
| Dataset | Float32 R@1 | Binary R@1 |
+---------+-------------+------------+
|   MSLS  |    83.3%    |   82.2%    |
+---------+-------------+------------+

Validation Results:
+---------+-------------+------------+
| Dataset | Float32 R@1 | Binary R@1 |
+---------+-------------+------------+
|   MSLS  |    83.3%    |   82.1%    |
+---------+-------------+------------+

Validation Results:
+---------+-------------+------------+
| Dataset | Float32 R@1 | Binary R@1 |
+---------+-------------+------------+
|   MSLS  |    83.3%    |   82.1%    |
+---------+-------------+------------+

Validation Results:
+---------+-------------+------------+
| Dataset | Float32 R@1 | Binary R@1 |
+---------+-------------+------------+
|   MSLS  |    83.3%    |   82.1%    |
+---------+-------------+------------+

Validation Results:
+---------+-------------+------------+
| Dataset | Float32 R@1 | Binary R@1 |
+---------+-------------+------------+
|   MSLS  |    83.2%    |   82.2%    |
+---------+-------------+------------+

Validation Results:
+---------+-------------+------------+
| Dataset | Float32 R@1 | Binary R@1 |
+---------+-------------+------------+
|   MSLS  |    83.3%    |   82.2%    |
+---------+-------------+------------+

Validation Results:
+---------+-------------+------------+
| Dataset | Float32 R@1 | Binary R@1 |
+---------+-------------+------------+
|   MSLS  |    83.3%    |   82.3%    |
+---------+-------------+------------+
[1;34mwandb[0m:
[1;34mwandb[0m: You can sync this run to the cloud by running:
[1;34mwandb[0m: [1mwandb sync ./wandb/offline-run-20250202_095300-6ltepc9z[0m
=================================== None
=================================== None

Validation Results:
+---------+-------------+------------+
| Dataset | Float32 R@1 | Binary R@1 |
+---------+-------------+------------+
|   MSLS  |    70.8%    |   66.7%    |
+---------+-------------+------------+

Validation Results:
+---------+-------------+------------+
| Dataset | Float32 R@1 | Binary R@1 |
+---------+-------------+------------+
|   MSLS  |    74.5%    |   70.8%    |
+---------+-------------+------------+

Validation Results:
+---------+-------------+------------+
| Dataset | Float32 R@1 | Binary R@1 |
+---------+-------------+------------+
|   MSLS  |    78.1%    |   75.5%    |
+---------+-------------+------------+

Validation Results:
+---------+-------------+------------+
| Dataset | Float32 R@1 | Binary R@1 |
+---------+-------------+------------+
|   MSLS  |    79.9%    |   78.0%    |
+---------+-------------+------------+

Validation Results:
+---------+-------------+------------+
| Dataset | Float32 R@1 | Binary R@1 |
+---------+-------------+------------+
|   MSLS  |    81.1%    |   79.0%    |
+---------+-------------+------------+

Validation Results:
+---------+-------------+------------+
| Dataset | Float32 R@1 | Binary R@1 |
+---------+-------------+------------+
|   MSLS  |    81.3%    |   79.2%    |
+---------+-------------+------------+

Validation Results:
+---------+-------------+------------+
| Dataset | Float32 R@1 | Binary R@1 |
+---------+-------------+------------+
|   MSLS  |    81.8%    |   80.2%    |
+---------+-------------+------------+

Validation Results:
+---------+-------------+------------+
| Dataset | Float32 R@1 | Binary R@1 |
+---------+-------------+------------+
|   MSLS  |    82.3%    |   80.5%    |
+---------+-------------+------------+

Validation Results:
+---------+-------------+------------+
| Dataset | Float32 R@1 | Binary R@1 |
+---------+-------------+------------+
|   MSLS  |    82.7%    |   80.9%    |
+---------+-------------+------------+

Validation Results:
+---------+-------------+------------+
| Dataset | Float32 R@1 | Binary R@1 |
+---------+-------------+------------+
|   MSLS  |    82.6%    |   81.0%    |
+---------+-------------+------------+

Validation Results:
+---------+-------------+------------+
| Dataset | Float32 R@1 | Binary R@1 |
+---------+-------------+------------+
|   MSLS  |    82.8%    |   81.0%    |
+---------+-------------+------------+

Validation Results:
+---------+-------------+------------+
| Dataset | Float32 R@1 | Binary R@1 |
+---------+-------------+------------+
|   MSLS  |    83.0%    |   81.2%    |
+---------+-------------+------------+

Validation Results:
+---------+-------------+------------+
| Dataset | Float32 R@1 | Binary R@1 |
+---------+-------------+------------+
|   MSLS  |    83.1%    |   81.2%    |
+---------+-------------+------------+

Validation Results:
+---------+-------------+------------+
| Dataset | Float32 R@1 | Binary R@1 |
+---------+-------------+------------+
|   MSLS  |    83.2%    |   81.4%    |
+---------+-------------+------------+

Validation Results:
+---------+-------------+------------+
| Dataset | Float32 R@1 | Binary R@1 |
+---------+-------------+------------+
|   MSLS  |    83.3%    |   81.2%    |
+---------+-------------+------------+

Validation Results:
+---------+-------------+------------+
| Dataset | Float32 R@1 | Binary R@1 |
+---------+-------------+------------+
|   MSLS  |    83.2%    |   81.4%    |
+---------+-------------+------------+

Validation Results:
+---------+-------------+------------+
| Dataset | Float32 R@1 | Binary R@1 |
+---------+-------------+------------+
|   MSLS  |    83.2%    |   81.5%    |
+---------+-------------+------------+

Validation Results:
+---------+-------------+------------+
| Dataset | Float32 R@1 | Binary R@1 |
+---------+-------------+------------+
|   MSLS  |    83.4%    |   81.4%    |
+---------+-------------+------------+

Validation Results:
+---------+-------------+------------+
| Dataset | Float32 R@1 | Binary R@1 |
+---------+-------------+------------+
|   MSLS  |    83.4%    |   81.8%    |
+---------+-------------+------------+

Validation Results:
+---------+-------------+------------+
| Dataset | Float32 R@1 | Binary R@1 |
+---------+-------------+------------+
|   MSLS  |    83.4%    |   81.7%    |
+---------+-------------+------------+

Validation Results:
+---------+-------------+------------+
| Dataset | Float32 R@1 | Binary R@1 |
+---------+-------------+------------+
|   MSLS  |    83.4%    |   81.7%    |
+---------+-------------+------------+

Validation Results:
+---------+-------------+------------+
| Dataset | Float32 R@1 | Binary R@1 |
+---------+-------------+------------+
|   MSLS  |    83.4%    |   81.5%    |
+---------+-------------+------------+

Validation Results:
+---------+-------------+------------+
| Dataset | Float32 R@1 | Binary R@1 |
+---------+-------------+------------+
|   MSLS  |    83.5%    |   81.7%    |
+---------+-------------+------------+

Validation Results:
+---------+-------------+------------+
| Dataset | Float32 R@1 | Binary R@1 |
+---------+-------------+------------+
|   MSLS  |    83.4%    |   81.7%    |
+---------+-------------+------------+

Validation Results:
+---------+-------------+------------+
| Dataset | Float32 R@1 | Binary R@1 |
+---------+-------------+------------+
|   MSLS  |    83.4%    |   81.7%    |
+---------+-------------+------------+

Validation Results:
+---------+-------------+------------+
| Dataset | Float32 R@1 | Binary R@1 |
+---------+-------------+------------+
|   MSLS  |    83.5%    |   81.5%    |
+---------+-------------+------------+

Validation Results:
+---------+-------------+------------+
| Dataset | Float32 R@1 | Binary R@1 |
+---------+-------------+------------+
|   MSLS  |    83.4%    |   81.7%    |
+---------+-------------+------------+

Validation Results:
+---------+-------------+------------+
| Dataset | Float32 R@1 | Binary R@1 |
+---------+-------------+------------+
|   MSLS  |    83.4%    |   81.7%    |
+---------+-------------+------------+

Validation Results:
+---------+-------------+------------+
| Dataset | Float32 R@1 | Binary R@1 |
+---------+-------------+------------+
|   MSLS  |    83.4%    |   81.8%    |
+---------+-------------+------------+

Validation Results:
+---------+-------------+------------+
| Dataset | Float32 R@1 | Binary R@1 |
+---------+-------------+------------+
|   MSLS  |    83.5%    |   81.8%    |
+---------+-------------+------------+

Validation Results:
+---------+-------------+------------+
| Dataset | Float32 R@1 | Binary R@1 |
+---------+-------------+------------+
|   MSLS  |    83.5%    |   81.7%    |
+---------+-------------+------------+

Validation Results:
+---------+-------------+------------+
| Dataset | Float32 R@1 | Binary R@1 |
+---------+-------------+------------+
|   MSLS  |    83.4%    |   81.9%    |
+---------+-------------+------------+

Validation Results:
+---------+-------------+------------+
| Dataset | Float32 R@1 | Binary R@1 |
+---------+-------------+------------+
|   MSLS  |    83.4%    |   81.9%    |
+---------+-------------+------------+

Validation Results:
+---------+-------------+------------+
| Dataset | Float32 R@1 | Binary R@1 |
+---------+-------------+------------+
|   MSLS  |    83.4%    |   81.8%    |
+---------+-------------+------------+

Validation Results:
+---------+-------------+------------+
| Dataset | Float32 R@1 | Binary R@1 |
+---------+-------------+------------+
|   MSLS  |    83.4%    |   81.8%    |
+---------+-------------+------------+

Validation Results:
+---------+-------------+------------+
| Dataset | Float32 R@1 | Binary R@1 |
+---------+-------------+------------+
|   MSLS  |    83.4%    |   81.7%    |
+---------+-------------+------------+

Validation Results:
+---------+-------------+------------+
| Dataset | Float32 R@1 | Binary R@1 |
+---------+-------------+------------+
|   MSLS  |    83.4%    |   81.9%    |
+---------+-------------+------------+

Validation Results:
+---------+-------------+------------+
| Dataset | Float32 R@1 | Binary R@1 |
+---------+-------------+------------+
|   MSLS  |    83.4%    |   81.6%    |
+---------+-------------+------------+

Validation Results:
+---------+-------------+------------+
| Dataset | Float32 R@1 | Binary R@1 |
+---------+-------------+------------+
|   MSLS  |    83.4%    |   81.7%    |
+---------+-------------+------------+

Validation Results:
+---------+-------------+------------+
| Dataset | Float32 R@1 | Binary R@1 |
+---------+-------------+------------+
|   MSLS  |    83.4%    |   81.9%    |
+---------+-------------+------------+
[1;34mwandb[0m:
[1;34mwandb[0m: You can sync this run to the cloud by running:
[1;34mwandb[0m: [1mwandb sync ./wandb/offline-run-20250202_194548-s8cco5xu[0m
=================================== None
=================================== None

Validation Results:
+---------+-------------+------------+
| Dataset | Float32 R@1 | Binary R@1 |
+---------+-------------+------------+
|   MSLS  |    70.4%    |   66.3%    |
+---------+-------------+------------+

Validation Results:
+---------+-------------+------------+
| Dataset | Float32 R@1 | Binary R@1 |
+---------+-------------+------------+
|   MSLS  |    73.7%    |   69.0%    |
+---------+-------------+------------+

Validation Results:
+---------+-------------+------------+
| Dataset | Float32 R@1 | Binary R@1 |
+---------+-------------+------------+
|   MSLS  |    77.3%    |   73.6%    |
+---------+-------------+------------+

Validation Results:
+---------+-------------+------------+
| Dataset | Float32 R@1 | Binary R@1 |
+---------+-------------+------------+
|   MSLS  |    79.2%    |   75.6%    |
+---------+-------------+------------+

Validation Results:
+---------+-------------+------------+
| Dataset | Float32 R@1 | Binary R@1 |
+---------+-------------+------------+
|   MSLS  |    80.7%    |   77.3%    |
+---------+-------------+------------+

Validation Results:
+---------+-------------+------------+
| Dataset | Float32 R@1 | Binary R@1 |
+---------+-------------+------------+
|   MSLS  |    80.9%    |   77.6%    |
+---------+-------------+------------+

Validation Results:
+---------+-------------+------------+
| Dataset | Float32 R@1 | Binary R@1 |
+---------+-------------+------------+
|   MSLS  |    81.3%    |   77.8%    |
+---------+-------------+------------+

Validation Results:
+---------+-------------+------------+
| Dataset | Float32 R@1 | Binary R@1 |
+---------+-------------+------------+
|   MSLS  |    81.6%    |   78.0%    |
+---------+-------------+------------+

Validation Results:
+---------+-------------+------------+
| Dataset | Float32 R@1 | Binary R@1 |
+---------+-------------+------------+
|   MSLS  |    82.0%    |   78.4%    |
+---------+-------------+------------+

Validation Results:
+---------+-------------+------------+
| Dataset | Float32 R@1 | Binary R@1 |
+---------+-------------+------------+
|   MSLS  |    81.9%    |   78.2%    |
+---------+-------------+------------+

Validation Results:
+---------+-------------+------------+
| Dataset | Float32 R@1 | Binary R@1 |
+---------+-------------+------------+
|   MSLS  |    82.2%    |   78.7%    |
+---------+-------------+------------+

Validation Results:
+---------+-------------+------------+
| Dataset | Float32 R@1 | Binary R@1 |
+---------+-------------+------------+
|   MSLS  |    82.4%    |   78.7%    |
+---------+-------------+------------+

Validation Results:
+---------+-------------+------------+
| Dataset | Float32 R@1 | Binary R@1 |
+---------+-------------+------------+
|   MSLS  |    82.5%    |   79.0%    |
+---------+-------------+------------+

Validation Results:
+---------+-------------+------------+
| Dataset | Float32 R@1 | Binary R@1 |
+---------+-------------+------------+
|   MSLS  |    82.5%    |   79.2%    |
+---------+-------------+------------+

Validation Results:
+---------+-------------+------------+
| Dataset | Float32 R@1 | Binary R@1 |
+---------+-------------+------------+
|   MSLS  |    82.4%    |   79.0%    |
+---------+-------------+------------+

Validation Results:
+---------+-------------+------------+
| Dataset | Float32 R@1 | Binary R@1 |
+---------+-------------+------------+
|   MSLS  |    82.6%    |   78.8%    |
+---------+-------------+------------+
