/iridisfs/home/oeg1n18/QuantPlaceFinder/finetune.py:27: FutureWarning: You are using `torch.load` with `weights_only=False` (the current default value), which uses the default pickle module implicitly. It is possible to construct malicious pickle data which will execute arbitrary code during unpickling (See https://github.com/pytorch/pytorch/blob/main/SECURITY.md#untrusted-models for more details). In a future release, the default value for `weights_only` will be flipped to `True`. This limits the functions that could be executed during unpickling. Arbitrary objects will no longer be allowed to be loaded via this mode unless they are explicitly allowlisted by the user via `torch.serialization.add_safe_globals`. We recommend you start setting `weights_only=True` for any use case where you don't have full control of the loaded file. Please open an issue on GitHub for any issues related to this experimental feature.
  sd = torch.load(args.weights_path)["state_dict"]
Using bfloat16 Automatic Mixed Precision (AMP)
GPU available: True (cuda), used: True
TPU available: False, using: 0 TPU cores
HPU available: False, using: 0 HPUs
wandb: Using wandb-core as the SDK backend.  Please refer to https://wandb.me/wandb-core for more information.
wandb: Currently logged in as: oliver1998 (vpr_minds). Use `wandb login --relogin` to force relogin
wandb: Tracking run with wandb version 0.18.7
wandb: Run data is saved locally in ./wandb/run-20250103_195446-n8qt8lgh
wandb: Run `wandb offline` to turn off syncing.
wandb: Syncing run backbone[vit_base_plrbitlinear]_agg[mixvpr]_aug[lightaugment]_quant_schedule[sigmoid]_res[322x322]
wandb: ⭐️ View project at https://wandb.ai/vpr_minds/tetra
wandb: 🚀 View run at https://wandb.ai/vpr_minds/tetra/runs/n8qt8lgh
LOCAL_RANK: 0 - CUDA_VISIBLE_DEVICES: [0]
Loading `train_dataloader` to estimate number of stepping batches.

  | Name       | Type                 | Params | Mode 
------------------------------------------------------------
0 | fp_loss_fn | MultiSimilarityLoss  | 0      | train
1 | fp_miner   | MultiSimilarityMiner | 0      | train
2 | q_loss_fn  | MultiSimilarityLoss  | 0      | train
3 | q_miner    | MultiSimilarityMiner | 0      | train
4 | model      | VPRModel             | 89.0 M | train
------------------------------------------------------------
10.1 M    Trainable params
78.9 M    Non-trainable params
89.0 M    Total params
355.976   Total estimated model params size (MB)
302       Modules in train mode
0         Modules in eval mode
SLURM auto-requeueing enabled. Setting signal handlers.
