Running SLURM prolog script on swarma1005
===============================================================================
Job started on Fri Jan  3 10:42:16 GMT 2025
Job ID          : 65195
Job name        : salad
WorkDir         : /iridisfs/home/oeg1n18/QuantPlaceFinder
Command         : /iridisfs/home/oeg1n18/QuantPlaceFinder/jobfiles/finetune/salad.slurm
Partition       : swarm_a100
Num hosts       : 1
Num cores       : 12
Num of tasks    : 1
Hosts allocated : swarma1005
Job Output Follows ...
===============================================================================
Freezing layer 0
Freezing layer 1
Freezing layer 2
Freezing layer 3
Freezing layer 4
Freezing layer 5
Freezing layer 6
Freezing layer 7
Freezing layer 8
Freezing layer 9
Freezing layer 10
pos_embedding False
cls_token False
to_patch_embedding.1.weight False
to_patch_embedding.1.bias False
to_patch_embedding.2.weight False
to_patch_embedding.2.bias False
to_patch_embedding.3.weight False
to_patch_embedding.3.bias False
transformer.norm1.weight True
transformer.norm1.bias True
transformer.norm2.weight True
transformer.norm2.bias True
transformer.layers.0.0.norm.weight False
transformer.layers.0.0.norm.bias False
transformer.layers.0.0.to_qkv.weight False
transformer.layers.0.0.to_qkv.scale False
transformer.layers.0.0.to_qkv.rmsnorm.weight False
transformer.layers.0.0.to_out.0.weight False
transformer.layers.0.0.to_out.0.bias False
transformer.layers.0.0.to_out.0.scale False
transformer.layers.0.0.to_out.0.rmsnorm.weight False
transformer.layers.0.1.net.0.weight False
transformer.layers.0.1.net.0.bias False
transformer.layers.0.1.net.1.weight False
transformer.layers.0.1.net.1.bias False
transformer.layers.0.1.net.1.scale False
transformer.layers.0.1.net.1.rmsnorm.weight False
transformer.layers.0.1.net.4.weight False
transformer.layers.0.1.net.4.bias False
transformer.layers.0.1.net.4.scale False
transformer.layers.0.1.net.4.rmsnorm.weight False
transformer.layers.1.0.norm.weight False
transformer.layers.1.0.norm.bias False
transformer.layers.1.0.to_qkv.weight False
transformer.layers.1.0.to_qkv.scale False
transformer.layers.1.0.to_qkv.rmsnorm.weight False
transformer.layers.1.0.to_out.0.weight False
transformer.layers.1.0.to_out.0.bias False
transformer.layers.1.0.to_out.0.scale False
transformer.layers.1.0.to_out.0.rmsnorm.weight False
transformer.layers.1.1.net.0.weight False
transformer.layers.1.1.net.0.bias False
transformer.layers.1.1.net.1.weight False
transformer.layers.1.1.net.1.bias False
transformer.layers.1.1.net.1.scale False
transformer.layers.1.1.net.1.rmsnorm.weight False
transformer.layers.1.1.net.4.weight False
transformer.layers.1.1.net.4.bias False
transformer.layers.1.1.net.4.scale False
transformer.layers.1.1.net.4.rmsnorm.weight False
transformer.layers.2.0.norm.weight False
transformer.layers.2.0.norm.bias False
transformer.layers.2.0.to_qkv.weight False
transformer.layers.2.0.to_qkv.scale False
transformer.layers.2.0.to_qkv.rmsnorm.weight False
transformer.layers.2.0.to_out.0.weight False
transformer.layers.2.0.to_out.0.bias False
transformer.layers.2.0.to_out.0.scale False
transformer.layers.2.0.to_out.0.rmsnorm.weight False
transformer.layers.2.1.net.0.weight False
transformer.layers.2.1.net.0.bias False
transformer.layers.2.1.net.1.weight False
transformer.layers.2.1.net.1.bias False
transformer.layers.2.1.net.1.scale False
transformer.layers.2.1.net.1.rmsnorm.weight False
transformer.layers.2.1.net.4.weight False
transformer.layers.2.1.net.4.bias False
transformer.layers.2.1.net.4.scale False
transformer.layers.2.1.net.4.rmsnorm.weight False
transformer.layers.3.0.norm.weight False
transformer.layers.3.0.norm.bias False
transformer.layers.3.0.to_qkv.weight False
transformer.layers.3.0.to_qkv.scale False
transformer.layers.3.0.to_qkv.rmsnorm.weight False
transformer.layers.3.0.to_out.0.weight False
transformer.layers.3.0.to_out.0.bias False
transformer.layers.3.0.to_out.0.scale False
transformer.layers.3.0.to_out.0.rmsnorm.weight False
transformer.layers.3.1.net.0.weight False
transformer.layers.3.1.net.0.bias False
transformer.layers.3.1.net.1.weight False
transformer.layers.3.1.net.1.bias False
transformer.layers.3.1.net.1.scale False
transformer.layers.3.1.net.1.rmsnorm.weight False
transformer.layers.3.1.net.4.weight False
transformer.layers.3.1.net.4.bias False
transformer.layers.3.1.net.4.scale False
transformer.layers.3.1.net.4.rmsnorm.weight False
transformer.layers.4.0.norm.weight False
transformer.layers.4.0.norm.bias False
transformer.layers.4.0.to_qkv.weight False
transformer.layers.4.0.to_qkv.scale False
transformer.layers.4.0.to_qkv.rmsnorm.weight False
transformer.layers.4.0.to_out.0.weight False
transformer.layers.4.0.to_out.0.bias False
transformer.layers.4.0.to_out.0.scale False
transformer.layers.4.0.to_out.0.rmsnorm.weight False
transformer.layers.4.1.net.0.weight False
transformer.layers.4.1.net.0.bias False
transformer.layers.4.1.net.1.weight False
transformer.layers.4.1.net.1.bias False
transformer.layers.4.1.net.1.scale False
transformer.layers.4.1.net.1.rmsnorm.weight False
transformer.layers.4.1.net.4.weight False
transformer.layers.4.1.net.4.bias False
transformer.layers.4.1.net.4.scale False
transformer.layers.4.1.net.4.rmsnorm.weight False
transformer.layers.5.0.norm.weight False
transformer.layers.5.0.norm.bias False
transformer.layers.5.0.to_qkv.weight False
transformer.layers.5.0.to_qkv.scale False
transformer.layers.5.0.to_qkv.rmsnorm.weight False
transformer.layers.5.0.to_out.0.weight False
transformer.layers.5.0.to_out.0.bias False
transformer.layers.5.0.to_out.0.scale False
transformer.layers.5.0.to_out.0.rmsnorm.weight False
transformer.layers.5.1.net.0.weight False
transformer.layers.5.1.net.0.bias False
transformer.layers.5.1.net.1.weight False
transformer.layers.5.1.net.1.bias False
transformer.layers.5.1.net.1.scale False
transformer.layers.5.1.net.1.rmsnorm.weight False
transformer.layers.5.1.net.4.weight False
transformer.layers.5.1.net.4.bias False
transformer.layers.5.1.net.4.scale False
transformer.layers.5.1.net.4.rmsnorm.weight False
transformer.layers.6.0.norm.weight False
transformer.layers.6.0.norm.bias False
transformer.layers.6.0.to_qkv.weight False
transformer.layers.6.0.to_qkv.scale False
transformer.layers.6.0.to_qkv.rmsnorm.weight False
transformer.layers.6.0.to_out.0.weight False
transformer.layers.6.0.to_out.0.bias False
transformer.layers.6.0.to_out.0.scale False
transformer.layers.6.0.to_out.0.rmsnorm.weight False
transformer.layers.6.1.net.0.weight False
transformer.layers.6.1.net.0.bias False
transformer.layers.6.1.net.1.weight False
transformer.layers.6.1.net.1.bias False
transformer.layers.6.1.net.1.scale False
transformer.layers.6.1.net.1.rmsnorm.weight False
transformer.layers.6.1.net.4.weight False
transformer.layers.6.1.net.4.bias False
transformer.layers.6.1.net.4.scale False
transformer.layers.6.1.net.4.rmsnorm.weight False
transformer.layers.7.0.norm.weight False
transformer.layers.7.0.norm.bias False
transformer.layers.7.0.to_qkv.weight False
transformer.layers.7.0.to_qkv.scale False
transformer.layers.7.0.to_qkv.rmsnorm.weight False
transformer.layers.7.0.to_out.0.weight False
transformer.layers.7.0.to_out.0.bias False
transformer.layers.7.0.to_out.0.scale False
transformer.layers.7.0.to_out.0.rmsnorm.weight False
transformer.layers.7.1.net.0.weight False
transformer.layers.7.1.net.0.bias False
transformer.layers.7.1.net.1.weight False
transformer.layers.7.1.net.1.bias False
transformer.layers.7.1.net.1.scale False
transformer.layers.7.1.net.1.rmsnorm.weight False
transformer.layers.7.1.net.4.weight False
transformer.layers.7.1.net.4.bias False
transformer.layers.7.1.net.4.scale False
transformer.layers.7.1.net.4.rmsnorm.weight False
transformer.layers.8.0.norm.weight False
transformer.layers.8.0.norm.bias False
transformer.layers.8.0.to_qkv.weight False
transformer.layers.8.0.to_qkv.scale False
transformer.layers.8.0.to_qkv.rmsnorm.weight False
transformer.layers.8.0.to_out.0.weight False
transformer.layers.8.0.to_out.0.bias False
transformer.layers.8.0.to_out.0.scale False
transformer.layers.8.0.to_out.0.rmsnorm.weight False
transformer.layers.8.1.net.0.weight False
transformer.layers.8.1.net.0.bias False
transformer.layers.8.1.net.1.weight False
transformer.layers.8.1.net.1.bias False
transformer.layers.8.1.net.1.scale False
transformer.layers.8.1.net.1.rmsnorm.weight False
transformer.layers.8.1.net.4.weight False
transformer.layers.8.1.net.4.bias False
transformer.layers.8.1.net.4.scale False
transformer.layers.8.1.net.4.rmsnorm.weight False
transformer.layers.9.0.norm.weight False
transformer.layers.9.0.norm.bias False
transformer.layers.9.0.to_qkv.weight False
transformer.layers.9.0.to_qkv.scale False
transformer.layers.9.0.to_qkv.rmsnorm.weight False
transformer.layers.9.0.to_out.0.weight False
transformer.layers.9.0.to_out.0.bias False
transformer.layers.9.0.to_out.0.scale False
transformer.layers.9.0.to_out.0.rmsnorm.weight False
transformer.layers.9.1.net.0.weight False
transformer.layers.9.1.net.0.bias False
transformer.layers.9.1.net.1.weight False
transformer.layers.9.1.net.1.bias False
transformer.layers.9.1.net.1.scale False
transformer.layers.9.1.net.1.rmsnorm.weight False
transformer.layers.9.1.net.4.weight False
transformer.layers.9.1.net.4.bias False
transformer.layers.9.1.net.4.scale False
transformer.layers.9.1.net.4.rmsnorm.weight False
transformer.layers.10.0.norm.weight False
transformer.layers.10.0.norm.bias False
transformer.layers.10.0.to_qkv.weight False
transformer.layers.10.0.to_qkv.scale False
transformer.layers.10.0.to_qkv.rmsnorm.weight False
transformer.layers.10.0.to_out.0.weight False
transformer.layers.10.0.to_out.0.bias False
transformer.layers.10.0.to_out.0.scale False
transformer.layers.10.0.to_out.0.rmsnorm.weight False
transformer.layers.10.1.net.0.weight False
transformer.layers.10.1.net.0.bias False
transformer.layers.10.1.net.1.weight False
transformer.layers.10.1.net.1.bias False
transformer.layers.10.1.net.1.scale False
transformer.layers.10.1.net.1.rmsnorm.weight False
transformer.layers.10.1.net.4.weight False
transformer.layers.10.1.net.4.bias False
transformer.layers.10.1.net.4.scale False
transformer.layers.10.1.net.4.rmsnorm.weight False
transformer.layers.11.0.norm.weight True
transformer.layers.11.0.norm.bias True
transformer.layers.11.0.to_qkv.weight True
transformer.layers.11.0.to_qkv.scale True
transformer.layers.11.0.to_qkv.rmsnorm.weight True
transformer.layers.11.0.to_out.0.weight True
transformer.layers.11.0.to_out.0.bias True
transformer.layers.11.0.to_out.0.scale True
transformer.layers.11.0.to_out.0.rmsnorm.weight True
transformer.layers.11.1.net.0.weight True
transformer.layers.11.1.net.0.bias True
transformer.layers.11.1.net.1.weight True
transformer.layers.11.1.net.1.bias True
transformer.layers.11.1.net.1.scale True
transformer.layers.11.1.net.1.rmsnorm.weight True
transformer.layers.11.1.net.4.weight True
transformer.layers.11.1.net.4.bias True
transformer.layers.11.1.net.4.scale True
transformer.layers.11.1.net.4.rmsnorm.weight True

Results for pitts30k:
+------------------------------------+------------+
|               Metric               |   Value    |
+------------------------------------+------------+
|     Pittsburgh30k_val_fp32_R1      |  93.3623   |
|     Pittsburgh30k_val_fp32_R5      |  98.4753   |
|     Pittsburgh30k_val_fp32_R10     |  99.2508   |
| Pittsburgh30k_val_fp32_search_time | 32016.8843 |
|       Pittsburgh30k_val_q_R1       |  92.9679   |
|       Pittsburgh30k_val_q_R5       |  98.3833   |
|      Pittsburgh30k_val_q_R10       |  99.1456   |
|  Pittsburgh30k_val_q_search_time   |  905.8938  |
+------------------------------------+------------+
[1;34mwandb[0m: 🚀 View run [33mbackbone[vit_base_plrbitlinear]_agg[salad]_aug[lightaugment]_quant_schedule[sigmoid]_res[322x322][0m at: [34mhttps://wandb.ai/vpr_minds/tetra/runs/n2d5j1pg[0m
Freezing layer 0
Freezing layer 1
Freezing layer 2
Freezing layer 3
Freezing layer 4
Freezing layer 5
Freezing layer 6
Freezing layer 7
Freezing layer 8
Freezing layer 9
Freezing layer 10
pos_embedding False
cls_token False
to_patch_embedding.1.weight False
to_patch_embedding.1.bias False
to_patch_embedding.2.weight False
to_patch_embedding.2.bias False
to_patch_embedding.3.weight False
to_patch_embedding.3.bias False
transformer.norm1.weight True
transformer.norm1.bias True
transformer.norm2.weight True
transformer.norm2.bias True
transformer.layers.0.0.norm.weight False
transformer.layers.0.0.norm.bias False
transformer.layers.0.0.to_qkv.weight False
transformer.layers.0.0.to_qkv.scale False
transformer.layers.0.0.to_qkv.rmsnorm.weight False
transformer.layers.0.0.to_out.0.weight False
transformer.layers.0.0.to_out.0.bias False
transformer.layers.0.0.to_out.0.scale False
transformer.layers.0.0.to_out.0.rmsnorm.weight False
transformer.layers.0.1.net.0.weight False
transformer.layers.0.1.net.0.bias False
transformer.layers.0.1.net.1.weight False
transformer.layers.0.1.net.1.bias False
transformer.layers.0.1.net.1.scale False
transformer.layers.0.1.net.1.rmsnorm.weight False
transformer.layers.0.1.net.4.weight False
transformer.layers.0.1.net.4.bias False
transformer.layers.0.1.net.4.scale False
transformer.layers.0.1.net.4.rmsnorm.weight False
transformer.layers.1.0.norm.weight False
transformer.layers.1.0.norm.bias False
transformer.layers.1.0.to_qkv.weight False
transformer.layers.1.0.to_qkv.scale False
transformer.layers.1.0.to_qkv.rmsnorm.weight False
transformer.layers.1.0.to_out.0.weight False
transformer.layers.1.0.to_out.0.bias False
transformer.layers.1.0.to_out.0.scale False
transformer.layers.1.0.to_out.0.rmsnorm.weight False
transformer.layers.1.1.net.0.weight False
transformer.layers.1.1.net.0.bias False
transformer.layers.1.1.net.1.weight False
transformer.layers.1.1.net.1.bias False
transformer.layers.1.1.net.1.scale False
transformer.layers.1.1.net.1.rmsnorm.weight False
transformer.layers.1.1.net.4.weight False
transformer.layers.1.1.net.4.bias False
transformer.layers.1.1.net.4.scale False
transformer.layers.1.1.net.4.rmsnorm.weight False
transformer.layers.2.0.norm.weight False
transformer.layers.2.0.norm.bias False
transformer.layers.2.0.to_qkv.weight False
transformer.layers.2.0.to_qkv.scale False
transformer.layers.2.0.to_qkv.rmsnorm.weight False
transformer.layers.2.0.to_out.0.weight False
transformer.layers.2.0.to_out.0.bias False
transformer.layers.2.0.to_out.0.scale False
transformer.layers.2.0.to_out.0.rmsnorm.weight False
transformer.layers.2.1.net.0.weight False
transformer.layers.2.1.net.0.bias False
transformer.layers.2.1.net.1.weight False
transformer.layers.2.1.net.1.bias False
transformer.layers.2.1.net.1.scale False
transformer.layers.2.1.net.1.rmsnorm.weight False
transformer.layers.2.1.net.4.weight False
transformer.layers.2.1.net.4.bias False
transformer.layers.2.1.net.4.scale False
transformer.layers.2.1.net.4.rmsnorm.weight False
transformer.layers.3.0.norm.weight False
transformer.layers.3.0.norm.bias False
transformer.layers.3.0.to_qkv.weight False
transformer.layers.3.0.to_qkv.scale False
transformer.layers.3.0.to_qkv.rmsnorm.weight False
transformer.layers.3.0.to_out.0.weight False
transformer.layers.3.0.to_out.0.bias False
transformer.layers.3.0.to_out.0.scale False
transformer.layers.3.0.to_out.0.rmsnorm.weight False
transformer.layers.3.1.net.0.weight False
transformer.layers.3.1.net.0.bias False
transformer.layers.3.1.net.1.weight False
transformer.layers.3.1.net.1.bias False
transformer.layers.3.1.net.1.scale False
transformer.layers.3.1.net.1.rmsnorm.weight False
transformer.layers.3.1.net.4.weight False
transformer.layers.3.1.net.4.bias False
transformer.layers.3.1.net.4.scale False
transformer.layers.3.1.net.4.rmsnorm.weight False
transformer.layers.4.0.norm.weight False
transformer.layers.4.0.norm.bias False
transformer.layers.4.0.to_qkv.weight False
transformer.layers.4.0.to_qkv.scale False
transformer.layers.4.0.to_qkv.rmsnorm.weight False
transformer.layers.4.0.to_out.0.weight False
transformer.layers.4.0.to_out.0.bias False
transformer.layers.4.0.to_out.0.scale False
transformer.layers.4.0.to_out.0.rmsnorm.weight False
transformer.layers.4.1.net.0.weight False
transformer.layers.4.1.net.0.bias False
transformer.layers.4.1.net.1.weight False
transformer.layers.4.1.net.1.bias False
transformer.layers.4.1.net.1.scale False
transformer.layers.4.1.net.1.rmsnorm.weight False
transformer.layers.4.1.net.4.weight False
transformer.layers.4.1.net.4.bias False
transformer.layers.4.1.net.4.scale False
transformer.layers.4.1.net.4.rmsnorm.weight False
transformer.layers.5.0.norm.weight False
transformer.layers.5.0.norm.bias False
transformer.layers.5.0.to_qkv.weight False
transformer.layers.5.0.to_qkv.scale False
transformer.layers.5.0.to_qkv.rmsnorm.weight False
transformer.layers.5.0.to_out.0.weight False
transformer.layers.5.0.to_out.0.bias False
transformer.layers.5.0.to_out.0.scale False
transformer.layers.5.0.to_out.0.rmsnorm.weight False
transformer.layers.5.1.net.0.weight False
transformer.layers.5.1.net.0.bias False
transformer.layers.5.1.net.1.weight False
transformer.layers.5.1.net.1.bias False
transformer.layers.5.1.net.1.scale False
transformer.layers.5.1.net.1.rmsnorm.weight False
transformer.layers.5.1.net.4.weight False
transformer.layers.5.1.net.4.bias False
transformer.layers.5.1.net.4.scale False
transformer.layers.5.1.net.4.rmsnorm.weight False
transformer.layers.6.0.norm.weight False
transformer.layers.6.0.norm.bias False
transformer.layers.6.0.to_qkv.weight False
transformer.layers.6.0.to_qkv.scale False
transformer.layers.6.0.to_qkv.rmsnorm.weight False
transformer.layers.6.0.to_out.0.weight False
transformer.layers.6.0.to_out.0.bias False
transformer.layers.6.0.to_out.0.scale False
transformer.layers.6.0.to_out.0.rmsnorm.weight False
transformer.layers.6.1.net.0.weight False
transformer.layers.6.1.net.0.bias False
transformer.layers.6.1.net.1.weight False
transformer.layers.6.1.net.1.bias False
transformer.layers.6.1.net.1.scale False
transformer.layers.6.1.net.1.rmsnorm.weight False
transformer.layers.6.1.net.4.weight False
transformer.layers.6.1.net.4.bias False
transformer.layers.6.1.net.4.scale False
transformer.layers.6.1.net.4.rmsnorm.weight False
transformer.layers.7.0.norm.weight False
transformer.layers.7.0.norm.bias False
transformer.layers.7.0.to_qkv.weight False
transformer.layers.7.0.to_qkv.scale False
transformer.layers.7.0.to_qkv.rmsnorm.weight False
transformer.layers.7.0.to_out.0.weight False
transformer.layers.7.0.to_out.0.bias False
transformer.layers.7.0.to_out.0.scale False
transformer.layers.7.0.to_out.0.rmsnorm.weight False
transformer.layers.7.1.net.0.weight False
transformer.layers.7.1.net.0.bias False
transformer.layers.7.1.net.1.weight False
transformer.layers.7.1.net.1.bias False
transformer.layers.7.1.net.1.scale False
transformer.layers.7.1.net.1.rmsnorm.weight False
transformer.layers.7.1.net.4.weight False
transformer.layers.7.1.net.4.bias False
transformer.layers.7.1.net.4.scale False
transformer.layers.7.1.net.4.rmsnorm.weight False
transformer.layers.8.0.norm.weight False
transformer.layers.8.0.norm.bias False
transformer.layers.8.0.to_qkv.weight False
transformer.layers.8.0.to_qkv.scale False
transformer.layers.8.0.to_qkv.rmsnorm.weight False
transformer.layers.8.0.to_out.0.weight False
transformer.layers.8.0.to_out.0.bias False
transformer.layers.8.0.to_out.0.scale False
transformer.layers.8.0.to_out.0.rmsnorm.weight False
transformer.layers.8.1.net.0.weight False
transformer.layers.8.1.net.0.bias False
transformer.layers.8.1.net.1.weight False
transformer.layers.8.1.net.1.bias False
transformer.layers.8.1.net.1.scale False
transformer.layers.8.1.net.1.rmsnorm.weight False
transformer.layers.8.1.net.4.weight False
transformer.layers.8.1.net.4.bias False
transformer.layers.8.1.net.4.scale False
transformer.layers.8.1.net.4.rmsnorm.weight False
transformer.layers.9.0.norm.weight False
transformer.layers.9.0.norm.bias False
transformer.layers.9.0.to_qkv.weight False
transformer.layers.9.0.to_qkv.scale False
transformer.layers.9.0.to_qkv.rmsnorm.weight False
transformer.layers.9.0.to_out.0.weight False
transformer.layers.9.0.to_out.0.bias False
transformer.layers.9.0.to_out.0.scale False
transformer.layers.9.0.to_out.0.rmsnorm.weight False
transformer.layers.9.1.net.0.weight False
transformer.layers.9.1.net.0.bias False
transformer.layers.9.1.net.1.weight False
transformer.layers.9.1.net.1.bias False
transformer.layers.9.1.net.1.scale False
transformer.layers.9.1.net.1.rmsnorm.weight False
transformer.layers.9.1.net.4.weight False
transformer.layers.9.1.net.4.bias False
transformer.layers.9.1.net.4.scale False
transformer.layers.9.1.net.4.rmsnorm.weight False
transformer.layers.10.0.norm.weight False
transformer.layers.10.0.norm.bias False
transformer.layers.10.0.to_qkv.weight False
transformer.layers.10.0.to_qkv.scale False
transformer.layers.10.0.to_qkv.rmsnorm.weight False
transformer.layers.10.0.to_out.0.weight False
transformer.layers.10.0.to_out.0.bias False
transformer.layers.10.0.to_out.0.scale False
transformer.layers.10.0.to_out.0.rmsnorm.weight False
transformer.layers.10.1.net.0.weight False
transformer.layers.10.1.net.0.bias False
transformer.layers.10.1.net.1.weight False
transformer.layers.10.1.net.1.bias False
transformer.layers.10.1.net.1.scale False
transformer.layers.10.1.net.1.rmsnorm.weight False
transformer.layers.10.1.net.4.weight False
transformer.layers.10.1.net.4.bias False
transformer.layers.10.1.net.4.scale False
transformer.layers.10.1.net.4.rmsnorm.weight False
transformer.layers.11.0.norm.weight True
transformer.layers.11.0.norm.bias True
transformer.layers.11.0.to_qkv.weight True
transformer.layers.11.0.to_qkv.scale True
transformer.layers.11.0.to_qkv.rmsnorm.weight True
transformer.layers.11.0.to_out.0.weight True
transformer.layers.11.0.to_out.0.bias True
transformer.layers.11.0.to_out.0.scale True
transformer.layers.11.0.to_out.0.rmsnorm.weight True
transformer.layers.11.1.net.0.weight True
transformer.layers.11.1.net.0.bias True
transformer.layers.11.1.net.1.weight True
transformer.layers.11.1.net.1.bias True
transformer.layers.11.1.net.1.scale True
transformer.layers.11.1.net.1.rmsnorm.weight True
transformer.layers.11.1.net.4.weight True
transformer.layers.11.1.net.4.bias True
transformer.layers.11.1.net.4.scale True
transformer.layers.11.1.net.4.rmsnorm.weight True

Results for pitts30k:
+------------------------------------+------------+
|               Metric               |   Value    |
+------------------------------------+------------+
|     Pittsburgh30k_val_fp32_R1      |  91.7718   |
|     Pittsburgh30k_val_fp32_R5      |  97.9627   |
|     Pittsburgh30k_val_fp32_R10     |  98.8565   |
| Pittsburgh30k_val_fp32_search_time | 32066.7093 |
|       Pittsburgh30k_val_q_R1       |  91.2592   |
|       Pittsburgh30k_val_q_R5       |  97.9364   |
|      Pittsburgh30k_val_q_R10       |  98.8170   |
|  Pittsburgh30k_val_q_search_time   |  897.4400  |
+------------------------------------+------------+
[1;34mwandb[0m: 🚀 View run [33mbackbone[vit_base_plrbitlinear]_agg[salad]_aug[lightaugment]_quant_schedule[sigmoid]_res[224x224][0m at: [34mhttps://wandb.ai/vpr_minds/tetra/runs/oajamu8e[0m
Freezing layer 0
Freezing layer 1
Freezing layer 2
Freezing layer 3
Freezing layer 4
Freezing layer 5
Freezing layer 6
Freezing layer 7
Freezing layer 8
Freezing layer 9
Freezing layer 10
pos_embedding False
cls_token False
to_patch_embedding.1.weight False
to_patch_embedding.1.bias False
to_patch_embedding.2.weight False
to_patch_embedding.2.bias False
to_patch_embedding.3.weight False
to_patch_embedding.3.bias False
transformer.norm1.weight True
transformer.norm1.bias True
transformer.norm2.weight True
transformer.norm2.bias True
transformer.layers.0.0.norm.weight False
transformer.layers.0.0.norm.bias False
transformer.layers.0.0.to_qkv.weight False
transformer.layers.0.0.to_qkv.scale False
transformer.layers.0.0.to_qkv.rmsnorm.weight False
transformer.layers.0.0.to_out.0.weight False
transformer.layers.0.0.to_out.0.bias False
transformer.layers.0.0.to_out.0.scale False
transformer.layers.0.0.to_out.0.rmsnorm.weight False
transformer.layers.0.1.net.0.weight False
transformer.layers.0.1.net.0.bias False
transformer.layers.0.1.net.1.weight False
transformer.layers.0.1.net.1.bias False
transformer.layers.0.1.net.1.scale False
transformer.layers.0.1.net.1.rmsnorm.weight False
transformer.layers.0.1.net.4.weight False
transformer.layers.0.1.net.4.bias False
transformer.layers.0.1.net.4.scale False
transformer.layers.0.1.net.4.rmsnorm.weight False
transformer.layers.1.0.norm.weight False
transformer.layers.1.0.norm.bias False
transformer.layers.1.0.to_qkv.weight False
transformer.layers.1.0.to_qkv.scale False
transformer.layers.1.0.to_qkv.rmsnorm.weight False
transformer.layers.1.0.to_out.0.weight False
transformer.layers.1.0.to_out.0.bias False
transformer.layers.1.0.to_out.0.scale False
transformer.layers.1.0.to_out.0.rmsnorm.weight False
transformer.layers.1.1.net.0.weight False
transformer.layers.1.1.net.0.bias False
transformer.layers.1.1.net.1.weight False
transformer.layers.1.1.net.1.bias False
transformer.layers.1.1.net.1.scale False
transformer.layers.1.1.net.1.rmsnorm.weight False
transformer.layers.1.1.net.4.weight False
transformer.layers.1.1.net.4.bias False
transformer.layers.1.1.net.4.scale False
transformer.layers.1.1.net.4.rmsnorm.weight False
transformer.layers.2.0.norm.weight False
transformer.layers.2.0.norm.bias False
transformer.layers.2.0.to_qkv.weight False
transformer.layers.2.0.to_qkv.scale False
transformer.layers.2.0.to_qkv.rmsnorm.weight False
transformer.layers.2.0.to_out.0.weight False
transformer.layers.2.0.to_out.0.bias False
transformer.layers.2.0.to_out.0.scale False
transformer.layers.2.0.to_out.0.rmsnorm.weight False
transformer.layers.2.1.net.0.weight False
transformer.layers.2.1.net.0.bias False
transformer.layers.2.1.net.1.weight False
transformer.layers.2.1.net.1.bias False
transformer.layers.2.1.net.1.scale False
transformer.layers.2.1.net.1.rmsnorm.weight False
transformer.layers.2.1.net.4.weight False
transformer.layers.2.1.net.4.bias False
transformer.layers.2.1.net.4.scale False
transformer.layers.2.1.net.4.rmsnorm.weight False
transformer.layers.3.0.norm.weight False
transformer.layers.3.0.norm.bias False
transformer.layers.3.0.to_qkv.weight False
transformer.layers.3.0.to_qkv.scale False
transformer.layers.3.0.to_qkv.rmsnorm.weight False
transformer.layers.3.0.to_out.0.weight False
transformer.layers.3.0.to_out.0.bias False
transformer.layers.3.0.to_out.0.scale False
transformer.layers.3.0.to_out.0.rmsnorm.weight False
transformer.layers.3.1.net.0.weight False
transformer.layers.3.1.net.0.bias False
transformer.layers.3.1.net.1.weight False
transformer.layers.3.1.net.1.bias False
transformer.layers.3.1.net.1.scale False
transformer.layers.3.1.net.1.rmsnorm.weight False
transformer.layers.3.1.net.4.weight False
transformer.layers.3.1.net.4.bias False
transformer.layers.3.1.net.4.scale False
transformer.layers.3.1.net.4.rmsnorm.weight False
transformer.layers.4.0.norm.weight False
transformer.layers.4.0.norm.bias False
transformer.layers.4.0.to_qkv.weight False
transformer.layers.4.0.to_qkv.scale False
transformer.layers.4.0.to_qkv.rmsnorm.weight False
transformer.layers.4.0.to_out.0.weight False
transformer.layers.4.0.to_out.0.bias False
transformer.layers.4.0.to_out.0.scale False
transformer.layers.4.0.to_out.0.rmsnorm.weight False
transformer.layers.4.1.net.0.weight False
transformer.layers.4.1.net.0.bias False
transformer.layers.4.1.net.1.weight False
transformer.layers.4.1.net.1.bias False
transformer.layers.4.1.net.1.scale False
transformer.layers.4.1.net.1.rmsnorm.weight False
transformer.layers.4.1.net.4.weight False
transformer.layers.4.1.net.4.bias False
transformer.layers.4.1.net.4.scale False
transformer.layers.4.1.net.4.rmsnorm.weight False
transformer.layers.5.0.norm.weight False
transformer.layers.5.0.norm.bias False
transformer.layers.5.0.to_qkv.weight False
transformer.layers.5.0.to_qkv.scale False
transformer.layers.5.0.to_qkv.rmsnorm.weight False
transformer.layers.5.0.to_out.0.weight False
transformer.layers.5.0.to_out.0.bias False
transformer.layers.5.0.to_out.0.scale False
transformer.layers.5.0.to_out.0.rmsnorm.weight False
transformer.layers.5.1.net.0.weight False
transformer.layers.5.1.net.0.bias False
transformer.layers.5.1.net.1.weight False
transformer.layers.5.1.net.1.bias False
transformer.layers.5.1.net.1.scale False
transformer.layers.5.1.net.1.rmsnorm.weight False
transformer.layers.5.1.net.4.weight False
transformer.layers.5.1.net.4.bias False
transformer.layers.5.1.net.4.scale False
transformer.layers.5.1.net.4.rmsnorm.weight False
transformer.layers.6.0.norm.weight False
transformer.layers.6.0.norm.bias False
transformer.layers.6.0.to_qkv.weight False
transformer.layers.6.0.to_qkv.scale False
transformer.layers.6.0.to_qkv.rmsnorm.weight False
transformer.layers.6.0.to_out.0.weight False
transformer.layers.6.0.to_out.0.bias False
transformer.layers.6.0.to_out.0.scale False
transformer.layers.6.0.to_out.0.rmsnorm.weight False
transformer.layers.6.1.net.0.weight False
transformer.layers.6.1.net.0.bias False
transformer.layers.6.1.net.1.weight False
transformer.layers.6.1.net.1.bias False
transformer.layers.6.1.net.1.scale False
transformer.layers.6.1.net.1.rmsnorm.weight False
transformer.layers.6.1.net.4.weight False
transformer.layers.6.1.net.4.bias False
transformer.layers.6.1.net.4.scale False
transformer.layers.6.1.net.4.rmsnorm.weight False
transformer.layers.7.0.norm.weight False
transformer.layers.7.0.norm.bias False
transformer.layers.7.0.to_qkv.weight False
transformer.layers.7.0.to_qkv.scale False
transformer.layers.7.0.to_qkv.rmsnorm.weight False
transformer.layers.7.0.to_out.0.weight False
transformer.layers.7.0.to_out.0.bias False
transformer.layers.7.0.to_out.0.scale False
transformer.layers.7.0.to_out.0.rmsnorm.weight False
transformer.layers.7.1.net.0.weight False
transformer.layers.7.1.net.0.bias False
transformer.layers.7.1.net.1.weight False
transformer.layers.7.1.net.1.bias False
transformer.layers.7.1.net.1.scale False
transformer.layers.7.1.net.1.rmsnorm.weight False
transformer.layers.7.1.net.4.weight False
transformer.layers.7.1.net.4.bias False
transformer.layers.7.1.net.4.scale False
transformer.layers.7.1.net.4.rmsnorm.weight False
transformer.layers.8.0.norm.weight False
transformer.layers.8.0.norm.bias False
transformer.layers.8.0.to_qkv.weight False
transformer.layers.8.0.to_qkv.scale False
transformer.layers.8.0.to_qkv.rmsnorm.weight False
transformer.layers.8.0.to_out.0.weight False
transformer.layers.8.0.to_out.0.bias False
transformer.layers.8.0.to_out.0.scale False
transformer.layers.8.0.to_out.0.rmsnorm.weight False
transformer.layers.8.1.net.0.weight False
transformer.layers.8.1.net.0.bias False
transformer.layers.8.1.net.1.weight False
transformer.layers.8.1.net.1.bias False
transformer.layers.8.1.net.1.scale False
transformer.layers.8.1.net.1.rmsnorm.weight False
transformer.layers.8.1.net.4.weight False
transformer.layers.8.1.net.4.bias False
transformer.layers.8.1.net.4.scale False
transformer.layers.8.1.net.4.rmsnorm.weight False
transformer.layers.9.0.norm.weight False
transformer.layers.9.0.norm.bias False
transformer.layers.9.0.to_qkv.weight False
transformer.layers.9.0.to_qkv.scale False
transformer.layers.9.0.to_qkv.rmsnorm.weight False
transformer.layers.9.0.to_out.0.weight False
transformer.layers.9.0.to_out.0.bias False
transformer.layers.9.0.to_out.0.scale False
transformer.layers.9.0.to_out.0.rmsnorm.weight False
transformer.layers.9.1.net.0.weight False
transformer.layers.9.1.net.0.bias False
transformer.layers.9.1.net.1.weight False
transformer.layers.9.1.net.1.bias False
transformer.layers.9.1.net.1.scale False
transformer.layers.9.1.net.1.rmsnorm.weight False
transformer.layers.9.1.net.4.weight False
transformer.layers.9.1.net.4.bias False
transformer.layers.9.1.net.4.scale False
transformer.layers.9.1.net.4.rmsnorm.weight False
transformer.layers.10.0.norm.weight False
transformer.layers.10.0.norm.bias False
transformer.layers.10.0.to_qkv.weight False
transformer.layers.10.0.to_qkv.scale False
transformer.layers.10.0.to_qkv.rmsnorm.weight False
transformer.layers.10.0.to_out.0.weight False
transformer.layers.10.0.to_out.0.bias False
transformer.layers.10.0.to_out.0.scale False
transformer.layers.10.0.to_out.0.rmsnorm.weight False
transformer.layers.10.1.net.0.weight False
transformer.layers.10.1.net.0.bias False
transformer.layers.10.1.net.1.weight False
transformer.layers.10.1.net.1.bias False
transformer.layers.10.1.net.1.scale False
transformer.layers.10.1.net.1.rmsnorm.weight False
transformer.layers.10.1.net.4.weight False
transformer.layers.10.1.net.4.bias False
transformer.layers.10.1.net.4.scale False
transformer.layers.10.1.net.4.rmsnorm.weight False
transformer.layers.11.0.norm.weight True
transformer.layers.11.0.norm.bias True
transformer.layers.11.0.to_qkv.weight True
transformer.layers.11.0.to_qkv.scale True
transformer.layers.11.0.to_qkv.rmsnorm.weight True
transformer.layers.11.0.to_out.0.weight True
transformer.layers.11.0.to_out.0.bias True
transformer.layers.11.0.to_out.0.scale True
transformer.layers.11.0.to_out.0.rmsnorm.weight True
transformer.layers.11.1.net.0.weight True
transformer.layers.11.1.net.0.bias True
transformer.layers.11.1.net.1.weight True
transformer.layers.11.1.net.1.bias True
transformer.layers.11.1.net.1.scale True
transformer.layers.11.1.net.1.rmsnorm.weight True
transformer.layers.11.1.net.4.weight True
transformer.layers.11.1.net.4.bias True
transformer.layers.11.1.net.4.scale True
transformer.layers.11.1.net.4.rmsnorm.weight True

Results for pitts30k:
+------------------------------------+------------+
|               Metric               |   Value    |
+------------------------------------+------------+
|     Pittsburgh30k_val_fp32_R1      |  36.4485   |
|     Pittsburgh30k_val_fp32_R5      |  59.9895   |
|     Pittsburgh30k_val_fp32_R10     |  70.3207   |
| Pittsburgh30k_val_fp32_search_time | 30988.3940 |
|       Pittsburgh30k_val_q_R1       |  25.6966   |
|       Pittsburgh30k_val_q_R5       |  47.6866   |
|      Pittsburgh30k_val_q_R10       |  59.7003   |
|  Pittsburgh30k_val_q_search_time   |  900.9225  |
+------------------------------------+------------+
[1;34mwandb[0m: 🚀 View run [33mbackbone[vit_small_plrbitlinear]_agg[salad]_aug[lightaugment]_quant_schedule[sigmoid]_res[322x322][0m at: [34mhttps://wandb.ai/vpr_minds/tetra/runs/71u4mjgw[0m
Freezing layer 0
Freezing layer 1
Freezing layer 2
Freezing layer 3
Freezing layer 4
Freezing layer 5
Freezing layer 6
Freezing layer 7
Freezing layer 8
Freezing layer 9
Freezing layer 10
pos_embedding False
cls_token False
to_patch_embedding.1.weight False
to_patch_embedding.1.bias False
to_patch_embedding.2.weight False
to_patch_embedding.2.bias False
to_patch_embedding.3.weight False
to_patch_embedding.3.bias False
transformer.norm1.weight True
transformer.norm1.bias True
transformer.norm2.weight True
transformer.norm2.bias True
transformer.layers.0.0.norm.weight False
transformer.layers.0.0.norm.bias False
transformer.layers.0.0.to_qkv.weight False
transformer.layers.0.0.to_qkv.scale False
transformer.layers.0.0.to_qkv.rmsnorm.weight False
transformer.layers.0.0.to_out.0.weight False
transformer.layers.0.0.to_out.0.bias False
transformer.layers.0.0.to_out.0.scale False
transformer.layers.0.0.to_out.0.rmsnorm.weight False
transformer.layers.0.1.net.0.weight False
transformer.layers.0.1.net.0.bias False
transformer.layers.0.1.net.1.weight False
transformer.layers.0.1.net.1.bias False
transformer.layers.0.1.net.1.scale False
transformer.layers.0.1.net.1.rmsnorm.weight False
transformer.layers.0.1.net.4.weight False
transformer.layers.0.1.net.4.bias False
transformer.layers.0.1.net.4.scale False
transformer.layers.0.1.net.4.rmsnorm.weight False
transformer.layers.1.0.norm.weight False
transformer.layers.1.0.norm.bias False
transformer.layers.1.0.to_qkv.weight False
transformer.layers.1.0.to_qkv.scale False
transformer.layers.1.0.to_qkv.rmsnorm.weight False
transformer.layers.1.0.to_out.0.weight False
transformer.layers.1.0.to_out.0.bias False
transformer.layers.1.0.to_out.0.scale False
transformer.layers.1.0.to_out.0.rmsnorm.weight False
transformer.layers.1.1.net.0.weight False
transformer.layers.1.1.net.0.bias False
transformer.layers.1.1.net.1.weight False
transformer.layers.1.1.net.1.bias False
transformer.layers.1.1.net.1.scale False
transformer.layers.1.1.net.1.rmsnorm.weight False
transformer.layers.1.1.net.4.weight False
transformer.layers.1.1.net.4.bias False
transformer.layers.1.1.net.4.scale False
transformer.layers.1.1.net.4.rmsnorm.weight False
transformer.layers.2.0.norm.weight False
transformer.layers.2.0.norm.bias False
transformer.layers.2.0.to_qkv.weight False
transformer.layers.2.0.to_qkv.scale False
transformer.layers.2.0.to_qkv.rmsnorm.weight False
transformer.layers.2.0.to_out.0.weight False
transformer.layers.2.0.to_out.0.bias False
transformer.layers.2.0.to_out.0.scale False
transformer.layers.2.0.to_out.0.rmsnorm.weight False
transformer.layers.2.1.net.0.weight False
transformer.layers.2.1.net.0.bias False
transformer.layers.2.1.net.1.weight False
transformer.layers.2.1.net.1.bias False
transformer.layers.2.1.net.1.scale False
transformer.layers.2.1.net.1.rmsnorm.weight False
transformer.layers.2.1.net.4.weight False
transformer.layers.2.1.net.4.bias False
transformer.layers.2.1.net.4.scale False
transformer.layers.2.1.net.4.rmsnorm.weight False
transformer.layers.3.0.norm.weight False
transformer.layers.3.0.norm.bias False
transformer.layers.3.0.to_qkv.weight False
transformer.layers.3.0.to_qkv.scale False
transformer.layers.3.0.to_qkv.rmsnorm.weight False
transformer.layers.3.0.to_out.0.weight False
transformer.layers.3.0.to_out.0.bias False
transformer.layers.3.0.to_out.0.scale False
transformer.layers.3.0.to_out.0.rmsnorm.weight False
transformer.layers.3.1.net.0.weight False
transformer.layers.3.1.net.0.bias False
transformer.layers.3.1.net.1.weight False
transformer.layers.3.1.net.1.bias False
transformer.layers.3.1.net.1.scale False
transformer.layers.3.1.net.1.rmsnorm.weight False
transformer.layers.3.1.net.4.weight False
transformer.layers.3.1.net.4.bias False
transformer.layers.3.1.net.4.scale False
transformer.layers.3.1.net.4.rmsnorm.weight False
transformer.layers.4.0.norm.weight False
transformer.layers.4.0.norm.bias False
transformer.layers.4.0.to_qkv.weight False
transformer.layers.4.0.to_qkv.scale False
transformer.layers.4.0.to_qkv.rmsnorm.weight False
transformer.layers.4.0.to_out.0.weight False
transformer.layers.4.0.to_out.0.bias False
transformer.layers.4.0.to_out.0.scale False
transformer.layers.4.0.to_out.0.rmsnorm.weight False
transformer.layers.4.1.net.0.weight False
transformer.layers.4.1.net.0.bias False
transformer.layers.4.1.net.1.weight False
transformer.layers.4.1.net.1.bias False
transformer.layers.4.1.net.1.scale False
transformer.layers.4.1.net.1.rmsnorm.weight False
transformer.layers.4.1.net.4.weight False
transformer.layers.4.1.net.4.bias False
transformer.layers.4.1.net.4.scale False
transformer.layers.4.1.net.4.rmsnorm.weight False
transformer.layers.5.0.norm.weight False
transformer.layers.5.0.norm.bias False
transformer.layers.5.0.to_qkv.weight False
transformer.layers.5.0.to_qkv.scale False
transformer.layers.5.0.to_qkv.rmsnorm.weight False
transformer.layers.5.0.to_out.0.weight False
transformer.layers.5.0.to_out.0.bias False
transformer.layers.5.0.to_out.0.scale False
transformer.layers.5.0.to_out.0.rmsnorm.weight False
transformer.layers.5.1.net.0.weight False
transformer.layers.5.1.net.0.bias False
transformer.layers.5.1.net.1.weight False
transformer.layers.5.1.net.1.bias False
transformer.layers.5.1.net.1.scale False
transformer.layers.5.1.net.1.rmsnorm.weight False
transformer.layers.5.1.net.4.weight False
transformer.layers.5.1.net.4.bias False
transformer.layers.5.1.net.4.scale False
transformer.layers.5.1.net.4.rmsnorm.weight False
transformer.layers.6.0.norm.weight False
transformer.layers.6.0.norm.bias False
transformer.layers.6.0.to_qkv.weight False
transformer.layers.6.0.to_qkv.scale False
transformer.layers.6.0.to_qkv.rmsnorm.weight False
transformer.layers.6.0.to_out.0.weight False
transformer.layers.6.0.to_out.0.bias False
transformer.layers.6.0.to_out.0.scale False
transformer.layers.6.0.to_out.0.rmsnorm.weight False
transformer.layers.6.1.net.0.weight False
transformer.layers.6.1.net.0.bias False
transformer.layers.6.1.net.1.weight False
transformer.layers.6.1.net.1.bias False
transformer.layers.6.1.net.1.scale False
transformer.layers.6.1.net.1.rmsnorm.weight False
transformer.layers.6.1.net.4.weight False
transformer.layers.6.1.net.4.bias False
transformer.layers.6.1.net.4.scale False
transformer.layers.6.1.net.4.rmsnorm.weight False
transformer.layers.7.0.norm.weight False
transformer.layers.7.0.norm.bias False
transformer.layers.7.0.to_qkv.weight False
transformer.layers.7.0.to_qkv.scale False
transformer.layers.7.0.to_qkv.rmsnorm.weight False
transformer.layers.7.0.to_out.0.weight False
transformer.layers.7.0.to_out.0.bias False
transformer.layers.7.0.to_out.0.scale False
transformer.layers.7.0.to_out.0.rmsnorm.weight False
transformer.layers.7.1.net.0.weight False
transformer.layers.7.1.net.0.bias False
transformer.layers.7.1.net.1.weight False
transformer.layers.7.1.net.1.bias False
transformer.layers.7.1.net.1.scale False
transformer.layers.7.1.net.1.rmsnorm.weight False
transformer.layers.7.1.net.4.weight False
transformer.layers.7.1.net.4.bias False
transformer.layers.7.1.net.4.scale False
transformer.layers.7.1.net.4.rmsnorm.weight False
transformer.layers.8.0.norm.weight False
transformer.layers.8.0.norm.bias False
transformer.layers.8.0.to_qkv.weight False
transformer.layers.8.0.to_qkv.scale False
transformer.layers.8.0.to_qkv.rmsnorm.weight False
transformer.layers.8.0.to_out.0.weight False
transformer.layers.8.0.to_out.0.bias False
transformer.layers.8.0.to_out.0.scale False
transformer.layers.8.0.to_out.0.rmsnorm.weight False
transformer.layers.8.1.net.0.weight False
transformer.layers.8.1.net.0.bias False
transformer.layers.8.1.net.1.weight False
transformer.layers.8.1.net.1.bias False
transformer.layers.8.1.net.1.scale False
transformer.layers.8.1.net.1.rmsnorm.weight False
transformer.layers.8.1.net.4.weight False
transformer.layers.8.1.net.4.bias False
transformer.layers.8.1.net.4.scale False
transformer.layers.8.1.net.4.rmsnorm.weight False
transformer.layers.9.0.norm.weight False
transformer.layers.9.0.norm.bias False
transformer.layers.9.0.to_qkv.weight False
transformer.layers.9.0.to_qkv.scale False
transformer.layers.9.0.to_qkv.rmsnorm.weight False
transformer.layers.9.0.to_out.0.weight False
transformer.layers.9.0.to_out.0.bias False
transformer.layers.9.0.to_out.0.scale False
transformer.layers.9.0.to_out.0.rmsnorm.weight False
transformer.layers.9.1.net.0.weight False
transformer.layers.9.1.net.0.bias False
transformer.layers.9.1.net.1.weight False
transformer.layers.9.1.net.1.bias False
transformer.layers.9.1.net.1.scale False
transformer.layers.9.1.net.1.rmsnorm.weight False
transformer.layers.9.1.net.4.weight False
transformer.layers.9.1.net.4.bias False
transformer.layers.9.1.net.4.scale False
transformer.layers.9.1.net.4.rmsnorm.weight False
transformer.layers.10.0.norm.weight False
transformer.layers.10.0.norm.bias False
transformer.layers.10.0.to_qkv.weight False
transformer.layers.10.0.to_qkv.scale False
transformer.layers.10.0.to_qkv.rmsnorm.weight False
transformer.layers.10.0.to_out.0.weight False
transformer.layers.10.0.to_out.0.bias False
transformer.layers.10.0.to_out.0.scale False
transformer.layers.10.0.to_out.0.rmsnorm.weight False
transformer.layers.10.1.net.0.weight False
transformer.layers.10.1.net.0.bias False
transformer.layers.10.1.net.1.weight False
transformer.layers.10.1.net.1.bias False
transformer.layers.10.1.net.1.scale False
transformer.layers.10.1.net.1.rmsnorm.weight False
transformer.layers.10.1.net.4.weight False
transformer.layers.10.1.net.4.bias False
transformer.layers.10.1.net.4.scale False
transformer.layers.10.1.net.4.rmsnorm.weight False
transformer.layers.11.0.norm.weight True
transformer.layers.11.0.norm.bias True
transformer.layers.11.0.to_qkv.weight True
transformer.layers.11.0.to_qkv.scale True
transformer.layers.11.0.to_qkv.rmsnorm.weight True
transformer.layers.11.0.to_out.0.weight True
transformer.layers.11.0.to_out.0.bias True
transformer.layers.11.0.to_out.0.scale True
transformer.layers.11.0.to_out.0.rmsnorm.weight True
transformer.layers.11.1.net.0.weight True
transformer.layers.11.1.net.0.bias True
transformer.layers.11.1.net.1.weight True
transformer.layers.11.1.net.1.bias True
transformer.layers.11.1.net.1.scale True
transformer.layers.11.1.net.1.rmsnorm.weight True
transformer.layers.11.1.net.4.weight True
transformer.layers.11.1.net.4.bias True
transformer.layers.11.1.net.4.scale True
transformer.layers.11.1.net.4.rmsnorm.weight True

Results for pitts30k:
+------------------------------------+------------+
|               Metric               |   Value    |
+------------------------------------+------------+
|     Pittsburgh30k_val_fp32_R1      |  23.7907   |
|     Pittsburgh30k_val_fp32_R5      |  45.8728   |
|     Pittsburgh30k_val_fp32_R10     |  57.7419   |
| Pittsburgh30k_val_fp32_search_time | 30839.8919 |
|       Pittsburgh30k_val_q_R1       |  18.9406   |
|       Pittsburgh30k_val_q_R5       |  38.6567   |
|      Pittsburgh30k_val_q_R10       |  50.9858   |
|  Pittsburgh30k_val_q_search_time   |  888.2017  |
+------------------------------------+------------+
[1;34mwandb[0m: 🚀 View run [33mbackbone[vit_small_plrbitlinear]_agg[salad]_aug[lightaugment]_quant_schedule[sigmoid]_res[224x224][0m at: [34mhttps://wandb.ai/vpr_minds/tetra/runs/yilexxoc[0m
==============================================================================
Running epilogue script on swarma1005.

Submit time  : 2025-01-03T10:42:15
Start time   : 2025-01-03T10:42:16
End time     : 2025-01-03T11:40:00
Elapsed time : 00:57:44 (Timelimit=2-11:00:00)

Job ID: 65195
Cluster: iridis_x
User/Group: oeg1n18/
State: FAILED (exit code 1)
Nodes: 1
Cores per node: 12
CPU Utilized: 04:02:41
CPU Efficiency: 35.03% of 11:32:48 core-walltime
Job Wall-clock time: 00:57:44
Memory Utilized: 35.09 GB
Memory Efficiency: 27.42% of 128.00 GB
