Running SLURM prolog script on rose03
===============================================================================
Job started on Sun Nov 24 03:35:57 GMT 2024
Job ID          : 32511
Job name        : vitsmall_fp_322_heavyaug
WorkDir         : /iridisfs/home/oeg1n18/QuantPlaceFinder
Command         : /iridisfs/home/oeg1n18/QuantPlaceFinder/jobfiles/distill_vitsmall_fp_heavyaug_322.slurm
Partition       : a100
Num hosts       : 1
Num cores       : 16
Num of tasks    : 1
Hosts allocated : rose03
Job Output Follows ...
===============================================================================
==============================================================================
Running epilogue script on rose03.

Submit time  : 2024-11-22T08:47:52
Start time   : 2024-11-24T03:35:56
End time     : 2024-11-24T03:36:36
Elapsed time : 00:00:40 (Timelimit=2-11:00:00)

Job ID: 32511
Cluster: iridis_x
User/Group: oeg1n18/
State: FAILED (exit code 2)
Nodes: 1
Cores per node: 16
CPU Utilized: 00:00:17
CPU Efficiency: 2.66% of 00:10:40 core-walltime
Job Wall-clock time: 00:00:40
Memory Utilized: 487.60 MB
Memory Efficiency: 0.37% of 128.00 GB
