Running SLURM prolog script on swarmh1001
===============================================================================
Job started on Sun Feb  2 09:52:37 GMT 2025
Job ID          : 76070
Job name        : boq
WorkDir         : /iridisfs/home/oeg1n18/QuantPlaceFinder
Command         : /iridisfs/home/oeg1n18/QuantPlaceFinder/jobfiles/finetune/boq.slurm
Partition       : swarm_h100
Num hosts       : 1
Num cores       : 12
Num of tasks    : 1
Hosts allocated : swarmh1001
Job Output Follows ...
===============================================================================
=================================== None
=================================== None

Validation Results:
+---------+-------------+------------+
| Dataset | Float32 R@1 | Binary R@1 |
+---------+-------------+------------+
|   MSLS  |    85.2%    |   85.1%    |
+---------+-------------+------------+

Validation Results:
+---------+-------------+------------+
| Dataset | Float32 R@1 | Binary R@1 |
+---------+-------------+------------+
|   MSLS  |    85.5%    |   85.2%    |
+---------+-------------+------------+

Validation Results:
+---------+-------------+------------+
| Dataset | Float32 R@1 | Binary R@1 |
+---------+-------------+------------+
|   MSLS  |    85.5%    |   85.3%    |
+---------+-------------+------------+

Validation Results:
+---------+-------------+------------+
| Dataset | Float32 R@1 | Binary R@1 |
+---------+-------------+------------+
|   MSLS  |    85.9%    |   85.7%    |
+---------+-------------+------------+

Validation Results:
+---------+-------------+------------+
| Dataset | Float32 R@1 | Binary R@1 |
+---------+-------------+------------+
|   MSLS  |    86.2%    |   85.9%    |
+---------+-------------+------------+

Validation Results:
+---------+-------------+------------+
| Dataset | Float32 R@1 | Binary R@1 |
+---------+-------------+------------+
|   MSLS  |    85.9%    |   85.6%    |
+---------+-------------+------------+

Validation Results:
+---------+-------------+------------+
| Dataset | Float32 R@1 | Binary R@1 |
+---------+-------------+------------+
|   MSLS  |    86.0%    |   85.8%    |
+---------+-------------+------------+

Validation Results:
+---------+-------------+------------+
| Dataset | Float32 R@1 | Binary R@1 |
+---------+-------------+------------+
|   MSLS  |    86.3%    |   85.9%    |
+---------+-------------+------------+

Validation Results:
+---------+-------------+------------+
| Dataset | Float32 R@1 | Binary R@1 |
+---------+-------------+------------+
|   MSLS  |    86.4%    |   86.3%    |
+---------+-------------+------------+

Validation Results:
+---------+-------------+------------+
| Dataset | Float32 R@1 | Binary R@1 |
+---------+-------------+------------+
|   MSLS  |    86.5%    |   86.4%    |
+---------+-------------+------------+

Validation Results:
+---------+-------------+------------+
| Dataset | Float32 R@1 | Binary R@1 |
+---------+-------------+------------+
|   MSLS  |    86.7%    |   86.4%    |
+---------+-------------+------------+

Validation Results:
+---------+-------------+------------+
| Dataset | Float32 R@1 | Binary R@1 |
+---------+-------------+------------+
|   MSLS  |    86.7%    |   86.5%    |
+---------+-------------+------------+

Validation Results:
+---------+-------------+------------+
| Dataset | Float32 R@1 | Binary R@1 |
+---------+-------------+------------+
|   MSLS  |    86.5%    |   86.4%    |
+---------+-------------+------------+

Validation Results:
+---------+-------------+------------+
| Dataset | Float32 R@1 | Binary R@1 |
+---------+-------------+------------+
|   MSLS  |    86.7%    |   86.4%    |
+---------+-------------+------------+

Validation Results:
+---------+-------------+------------+
| Dataset | Float32 R@1 | Binary R@1 |
+---------+-------------+------------+
|   MSLS  |    86.7%    |   86.3%    |
+---------+-------------+------------+

Validation Results:
+---------+-------------+------------+
| Dataset | Float32 R@1 | Binary R@1 |
+---------+-------------+------------+
|   MSLS  |    86.8%    |   86.6%    |
+---------+-------------+------------+

Validation Results:
+---------+-------------+------------+
| Dataset | Float32 R@1 | Binary R@1 |
+---------+-------------+------------+
|   MSLS  |    86.6%    |   86.6%    |
+---------+-------------+------------+

Validation Results:
+---------+-------------+------------+
| Dataset | Float32 R@1 | Binary R@1 |
+---------+-------------+------------+
|   MSLS  |    86.9%    |   86.5%    |
+---------+-------------+------------+

Validation Results:
+---------+-------------+------------+
| Dataset | Float32 R@1 | Binary R@1 |
+---------+-------------+------------+
|   MSLS  |    86.7%    |   86.4%    |
+---------+-------------+------------+

Validation Results:
+---------+-------------+------------+
| Dataset | Float32 R@1 | Binary R@1 |
+---------+-------------+------------+
|   MSLS  |    86.7%    |   86.3%    |
+---------+-------------+------------+

Validation Results:
+---------+-------------+------------+
| Dataset | Float32 R@1 | Binary R@1 |
+---------+-------------+------------+
|   MSLS  |    86.8%    |   86.5%    |
+---------+-------------+------------+

Validation Results:
+---------+-------------+------------+
| Dataset | Float32 R@1 | Binary R@1 |
+---------+-------------+------------+
|   MSLS  |    86.7%    |   86.5%    |
+---------+-------------+------------+

Validation Results:
+---------+-------------+------------+
| Dataset | Float32 R@1 | Binary R@1 |
+---------+-------------+------------+
|   MSLS  |    86.8%    |   86.4%    |
+---------+-------------+------------+

Validation Results:
+---------+-------------+------------+
| Dataset | Float32 R@1 | Binary R@1 |
+---------+-------------+------------+
|   MSLS  |    86.9%    |   86.4%    |
+---------+-------------+------------+

Validation Results:
+---------+-------------+------------+
| Dataset | Float32 R@1 | Binary R@1 |
+---------+-------------+------------+
|   MSLS  |    86.8%    |   86.4%    |
+---------+-------------+------------+

Validation Results:
+---------+-------------+------------+
| Dataset | Float32 R@1 | Binary R@1 |
+---------+-------------+------------+
|   MSLS  |    86.9%    |   86.4%    |
+---------+-------------+------------+

Validation Results:
+---------+-------------+------------+
| Dataset | Float32 R@1 | Binary R@1 |
+---------+-------------+------------+
|   MSLS  |    86.8%    |   86.3%    |
+---------+-------------+------------+

Validation Results:
+---------+-------------+------------+
| Dataset | Float32 R@1 | Binary R@1 |
+---------+-------------+------------+
|   MSLS  |    86.8%    |   86.4%    |
+---------+-------------+------------+

Validation Results:
+---------+-------------+------------+
| Dataset | Float32 R@1 | Binary R@1 |
+---------+-------------+------------+
|   MSLS  |    86.8%    |   86.3%    |
+---------+-------------+------------+

Validation Results:
+---------+-------------+------------+
| Dataset | Float32 R@1 | Binary R@1 |
+---------+-------------+------------+
|   MSLS  |    86.8%    |   86.5%    |
+---------+-------------+------------+

Validation Results:
+---------+-------------+------------+
| Dataset | Float32 R@1 | Binary R@1 |
+---------+-------------+------------+
|   MSLS  |    86.9%    |   86.4%    |
+---------+-------------+------------+

Validation Results:
+---------+-------------+------------+
| Dataset | Float32 R@1 | Binary R@1 |
+---------+-------------+------------+
|   MSLS  |    86.9%    |   86.3%    |
+---------+-------------+------------+

Validation Results:
+---------+-------------+------------+
| Dataset | Float32 R@1 | Binary R@1 |
+---------+-------------+------------+
|   MSLS  |    86.8%    |   86.5%    |
+---------+-------------+------------+

Validation Results:
+---------+-------------+------------+
| Dataset | Float32 R@1 | Binary R@1 |
+---------+-------------+------------+
|   MSLS  |    86.9%    |   86.5%    |
+---------+-------------+------------+

Validation Results:
+---------+-------------+------------+
| Dataset | Float32 R@1 | Binary R@1 |
+---------+-------------+------------+
|   MSLS  |    86.9%    |   86.4%    |
+---------+-------------+------------+

Validation Results:
+---------+-------------+------------+
| Dataset | Float32 R@1 | Binary R@1 |
+---------+-------------+------------+
|   MSLS  |    86.9%    |   86.5%    |
+---------+-------------+------------+

Validation Results:
+---------+-------------+------------+
| Dataset | Float32 R@1 | Binary R@1 |
+---------+-------------+------------+
|   MSLS  |    86.8%    |   86.5%    |
+---------+-------------+------------+

Validation Results:
+---------+-------------+------------+
| Dataset | Float32 R@1 | Binary R@1 |
+---------+-------------+------------+
|   MSLS  |    86.8%    |   86.4%    |
+---------+-------------+------------+

Validation Results:
+---------+-------------+------------+
| Dataset | Float32 R@1 | Binary R@1 |
+---------+-------------+------------+
|   MSLS  |    86.8%    |   86.4%    |
+---------+-------------+------------+

Validation Results:
+---------+-------------+------------+
| Dataset | Float32 R@1 | Binary R@1 |
+---------+-------------+------------+
|   MSLS  |    86.8%    |   86.5%    |
+---------+-------------+------------+
[1;34mwandb[0m:
[1;34mwandb[0m: You can sync this run to the cloud by running:
[1;34mwandb[0m: [1mwandb sync ./wandb/offline-run-20250202_095250-aoty0vfa[0m
=================================== None
=================================== None

Validation Results:
+---------+-------------+------------+
| Dataset | Float32 R@1 | Binary R@1 |
+---------+-------------+------------+
|   MSLS  |    84.6%    |   84.0%    |
+---------+-------------+------------+

Validation Results:
+---------+-------------+------------+
| Dataset | Float32 R@1 | Binary R@1 |
+---------+-------------+------------+
|   MSLS  |    85.3%    |   85.0%    |
+---------+-------------+------------+

Validation Results:
+---------+-------------+------------+
| Dataset | Float32 R@1 | Binary R@1 |
+---------+-------------+------------+
|   MSLS  |    85.8%    |   85.6%    |
+---------+-------------+------------+

Validation Results:
+---------+-------------+------------+
| Dataset | Float32 R@1 | Binary R@1 |
+---------+-------------+------------+
|   MSLS  |    85.8%    |   85.5%    |
+---------+-------------+------------+

Validation Results:
+---------+-------------+------------+
| Dataset | Float32 R@1 | Binary R@1 |
+---------+-------------+------------+
|   MSLS  |    86.1%    |   85.4%    |
+---------+-------------+------------+

Validation Results:
+---------+-------------+------------+
| Dataset | Float32 R@1 | Binary R@1 |
+---------+-------------+------------+
|   MSLS  |    86.0%    |   85.5%    |
+---------+-------------+------------+

Validation Results:
+---------+-------------+------------+
| Dataset | Float32 R@1 | Binary R@1 |
+---------+-------------+------------+
|   MSLS  |    86.0%    |   85.3%    |
+---------+-------------+------------+

Validation Results:
+---------+-------------+------------+
| Dataset | Float32 R@1 | Binary R@1 |
+---------+-------------+------------+
|   MSLS  |    86.6%    |   86.0%    |
+---------+-------------+------------+

Validation Results:
+---------+-------------+------------+
| Dataset | Float32 R@1 | Binary R@1 |
+---------+-------------+------------+
|   MSLS  |    86.4%    |   86.0%    |
+---------+-------------+------------+

Validation Results:
+---------+-------------+------------+
| Dataset | Float32 R@1 | Binary R@1 |
+---------+-------------+------------+
|   MSLS  |    86.2%    |   85.4%    |
+---------+-------------+------------+

Validation Results:
+---------+-------------+------------+
| Dataset | Float32 R@1 | Binary R@1 |
+---------+-------------+------------+
|   MSLS  |    86.6%    |   86.0%    |
+---------+-------------+------------+

Validation Results:
+---------+-------------+------------+
| Dataset | Float32 R@1 | Binary R@1 |
+---------+-------------+------------+
|   MSLS  |    86.5%    |   86.1%    |
+---------+-------------+------------+

Validation Results:
+---------+-------------+------------+
| Dataset | Float32 R@1 | Binary R@1 |
+---------+-------------+------------+
|   MSLS  |    86.9%    |   86.0%    |
+---------+-------------+------------+

Validation Results:
+---------+-------------+------------+
| Dataset | Float32 R@1 | Binary R@1 |
+---------+-------------+------------+
|   MSLS  |    86.5%    |   85.7%    |
+---------+-------------+------------+

Validation Results:
+---------+-------------+------------+
| Dataset | Float32 R@1 | Binary R@1 |
+---------+-------------+------------+
|   MSLS  |    86.6%    |   86.0%    |
+---------+-------------+------------+

Validation Results:
+---------+-------------+------------+
| Dataset | Float32 R@1 | Binary R@1 |
+---------+-------------+------------+
|   MSLS  |    86.8%    |   86.1%    |
+---------+-------------+------------+

Validation Results:
+---------+-------------+------------+
| Dataset | Float32 R@1 | Binary R@1 |
+---------+-------------+------------+
|   MSLS  |    87.0%    |   86.3%    |
+---------+-------------+------------+

Validation Results:
+---------+-------------+------------+
| Dataset | Float32 R@1 | Binary R@1 |
+---------+-------------+------------+
|   MSLS  |    86.8%    |   86.1%    |
+---------+-------------+------------+

Validation Results:
+---------+-------------+------------+
| Dataset | Float32 R@1 | Binary R@1 |
+---------+-------------+------------+
|   MSLS  |    86.9%    |   86.2%    |
+---------+-------------+------------+

Validation Results:
+---------+-------------+------------+
| Dataset | Float32 R@1 | Binary R@1 |
+---------+-------------+------------+
|   MSLS  |    86.7%    |   86.0%    |
+---------+-------------+------------+

Validation Results:
+---------+-------------+------------+
| Dataset | Float32 R@1 | Binary R@1 |
+---------+-------------+------------+
|   MSLS  |    86.8%    |   86.2%    |
+---------+-------------+------------+

Validation Results:
+---------+-------------+------------+
| Dataset | Float32 R@1 | Binary R@1 |
+---------+-------------+------------+
|   MSLS  |    86.8%    |   86.4%    |
+---------+-------------+------------+

Validation Results:
+---------+-------------+------------+
| Dataset | Float32 R@1 | Binary R@1 |
+---------+-------------+------------+
|   MSLS  |    86.8%    |   86.2%    |
+---------+-------------+------------+

Validation Results:
+---------+-------------+------------+
| Dataset | Float32 R@1 | Binary R@1 |
+---------+-------------+------------+
|   MSLS  |    86.8%    |   86.1%    |
+---------+-------------+------------+

Validation Results:
+---------+-------------+------------+
| Dataset | Float32 R@1 | Binary R@1 |
+---------+-------------+------------+
|   MSLS  |    86.7%    |   86.2%    |
+---------+-------------+------------+

Validation Results:
+---------+-------------+------------+
| Dataset | Float32 R@1 | Binary R@1 |
+---------+-------------+------------+
|   MSLS  |    86.6%    |   86.2%    |
+---------+-------------+------------+

Validation Results:
+---------+-------------+------------+
| Dataset | Float32 R@1 | Binary R@1 |
+---------+-------------+------------+
|   MSLS  |    86.6%    |   86.2%    |
+---------+-------------+------------+

Validation Results:
+---------+-------------+------------+
| Dataset | Float32 R@1 | Binary R@1 |
+---------+-------------+------------+
|   MSLS  |    86.7%    |   86.3%    |
+---------+-------------+------------+

Validation Results:
+---------+-------------+------------+
| Dataset | Float32 R@1 | Binary R@1 |
+---------+-------------+------------+
|   MSLS  |    86.7%    |   86.2%    |
+---------+-------------+------------+

Validation Results:
+---------+-------------+------------+
| Dataset | Float32 R@1 | Binary R@1 |
+---------+-------------+------------+
|   MSLS  |    86.7%    |   86.2%    |
+---------+-------------+------------+

Validation Results:
+---------+-------------+------------+
| Dataset | Float32 R@1 | Binary R@1 |
+---------+-------------+------------+
|   MSLS  |    86.7%    |   86.2%    |
+---------+-------------+------------+

Validation Results:
+---------+-------------+------------+
| Dataset | Float32 R@1 | Binary R@1 |
+---------+-------------+------------+
|   MSLS  |    86.7%    |   86.4%    |
+---------+-------------+------------+

Validation Results:
+---------+-------------+------------+
| Dataset | Float32 R@1 | Binary R@1 |
+---------+-------------+------------+
|   MSLS  |    86.7%    |   86.3%    |
+---------+-------------+------------+

Validation Results:
+---------+-------------+------------+
| Dataset | Float32 R@1 | Binary R@1 |
+---------+-------------+------------+
|   MSLS  |    86.7%    |   86.4%    |
+---------+-------------+------------+

Validation Results:
+---------+-------------+------------+
| Dataset | Float32 R@1 | Binary R@1 |
+---------+-------------+------------+
|   MSLS  |    86.7%    |   86.3%    |
+---------+-------------+------------+

Validation Results:
+---------+-------------+------------+
| Dataset | Float32 R@1 | Binary R@1 |
+---------+-------------+------------+
|   MSLS  |    86.7%    |   86.3%    |
+---------+-------------+------------+

Validation Results:
+---------+-------------+------------+
| Dataset | Float32 R@1 | Binary R@1 |
+---------+-------------+------------+
|   MSLS  |    86.7%    |   86.2%    |
+---------+-------------+------------+

Validation Results:
+---------+-------------+------------+
| Dataset | Float32 R@1 | Binary R@1 |
+---------+-------------+------------+
|   MSLS  |    86.7%    |   86.3%    |
+---------+-------------+------------+

Validation Results:
+---------+-------------+------------+
| Dataset | Float32 R@1 | Binary R@1 |
+---------+-------------+------------+
|   MSLS  |    86.7%    |   86.3%    |
+---------+-------------+------------+

Validation Results:
+---------+-------------+------------+
| Dataset | Float32 R@1 | Binary R@1 |
+---------+-------------+------------+
|   MSLS  |    86.7%    |   86.2%    |
+---------+-------------+------------+
[1;34mwandb[0m:
[1;34mwandb[0m: You can sync this run to the cloud by running:
[1;34mwandb[0m: [1mwandb sync ./wandb/offline-run-20250202_205243-oxb32fla[0m
=================================== None
=================================== None

Validation Results:
+---------+-------------+------------+
| Dataset | Float32 R@1 | Binary R@1 |
+---------+-------------+------------+
|   MSLS  |    84.6%    |   83.8%    |
+---------+-------------+------------+

Validation Results:
+---------+-------------+------------+
| Dataset | Float32 R@1 | Binary R@1 |
+---------+-------------+------------+
|   MSLS  |    85.6%    |   84.9%    |
+---------+-------------+------------+

Validation Results:
+---------+-------------+------------+
| Dataset | Float32 R@1 | Binary R@1 |
+---------+-------------+------------+
|   MSLS  |    85.4%    |   84.5%    |
+---------+-------------+------------+

Validation Results:
+---------+-------------+------------+
| Dataset | Float32 R@1 | Binary R@1 |
+---------+-------------+------------+
|   MSLS  |    85.7%    |   84.5%    |
+---------+-------------+------------+

Validation Results:
+---------+-------------+------------+
| Dataset | Float32 R@1 | Binary R@1 |
+---------+-------------+------------+
|   MSLS  |    85.5%    |   84.8%    |
+---------+-------------+------------+

Validation Results:
+---------+-------------+------------+
| Dataset | Float32 R@1 | Binary R@1 |
+---------+-------------+------------+
|   MSLS  |    85.4%    |   84.5%    |
+---------+-------------+------------+

Validation Results:
+---------+-------------+------------+
| Dataset | Float32 R@1 | Binary R@1 |
+---------+-------------+------------+
|   MSLS  |    85.5%    |   84.6%    |
+---------+-------------+------------+

Validation Results:
+---------+-------------+------------+
| Dataset | Float32 R@1 | Binary R@1 |
+---------+-------------+------------+
|   MSLS  |    85.6%    |   84.9%    |
+---------+-------------+------------+
