Using bfloat16 Automatic Mixed Precision (AMP)
GPU available: True (cuda), used: True
TPU available: False, using: 0 TPU cores
HPU available: False, using: 0 HPUs
wandb: Using wandb-core as the SDK backend.  Please refer to https://wandb.me/wandb-core for more information.
wandb: WARNING `resume` will be ignored since W&B syncing is set to `offline`. Starting a new run with run id aoty0vfa.
wandb: Tracking run with wandb version 0.18.7
wandb: W&B syncing is set to `offline` in this directory.  
wandb: Run `wandb online` or set WANDB_MODE=online to enable cloud syncing.
LOCAL_RANK: 0 - CUDA_VISIBLE_DEVICES: [0]

  | Name    | Type                 | Params | Mode 
---------------------------------------------------------
0 | loss_fn | MultiSimilarityLoss  | 0      | train
1 | miner   | MultiSimilarityMiner | 0      | train
2 | model   | VPRModel             | 100 M  | train
---------------------------------------------------------
21.2 M    Trainable params
78.9 M    Non-trainable params
100 M     Total params
400.391   Total estimated model params size (MB)
282       Modules in train mode
0         Modules in eval mode
SLURM auto-requeueing enabled. Setting signal handlers.
`Trainer.fit` stopped: `max_epochs=40` reached.
Using bfloat16 Automatic Mixed Precision (AMP)
GPU available: True (cuda), used: True
TPU available: False, using: 0 TPU cores
HPU available: False, using: 0 HPUs
wandb: Using wandb-core as the SDK backend.  Please refer to https://wandb.me/wandb-core for more information.
wandb: WARNING `resume` will be ignored since W&B syncing is set to `offline`. Starting a new run with run id oxb32fla.
wandb: Tracking run with wandb version 0.18.7
wandb: W&B syncing is set to `offline` in this directory.  
wandb: Run `wandb online` or set WANDB_MODE=online to enable cloud syncing.
LOCAL_RANK: 0 - CUDA_VISIBLE_DEVICES: [0]

  | Name    | Type                 | Params | Mode 
---------------------------------------------------------
0 | loss_fn | MultiSimilarityLoss  | 0      | train
1 | miner   | MultiSimilarityMiner | 0      | train
2 | model   | VPRModel             | 100 M  | train
---------------------------------------------------------
21.2 M    Trainable params
78.9 M    Non-trainable params
100 M     Total params
400.385   Total estimated model params size (MB)
282       Modules in train mode
0         Modules in eval mode
SLURM auto-requeueing enabled. Setting signal handlers.
`Trainer.fit` stopped: `max_epochs=40` reached.
Using bfloat16 Automatic Mixed Precision (AMP)
GPU available: True (cuda), used: True
TPU available: False, using: 0 TPU cores
HPU available: False, using: 0 HPUs
wandb: Using wandb-core as the SDK backend.  Please refer to https://wandb.me/wandb-core for more information.
wandb: WARNING `resume` will be ignored since W&B syncing is set to `offline`. Starting a new run with run id u6ljekhy.
wandb: Tracking run with wandb version 0.18.7
wandb: W&B syncing is set to `offline` in this directory.  
wandb: Run `wandb online` or set WANDB_MODE=online to enable cloud syncing.
LOCAL_RANK: 0 - CUDA_VISIBLE_DEVICES: [0]

  | Name    | Type                 | Params | Mode 
---------------------------------------------------------
0 | loss_fn | MultiSimilarityLoss  | 0      | train
1 | miner   | MultiSimilarityMiner | 0      | train
2 | model   | VPRModel             | 100 M  | train
---------------------------------------------------------
21.2 M    Trainable params
78.9 M    Non-trainable params
100 M     Total params
400.382   Total estimated model params size (MB)
282       Modules in train mode
0         Modules in eval mode
SLURM auto-requeueing enabled. Setting signal handlers.
