Using bfloat16 Automatic Mixed Precision (AMP)
GPU available: True (cuda), used: True
TPU available: False, using: 0 TPU cores
HPU available: False, using: 0 HPUs
wandb: Using wandb-core as the SDK backend.  Please refer to https://wandb.me/wandb-core for more information.
wandb: WARNING `resume` will be ignored since W&B syncing is set to `offline`. Starting a new run with run id bm1oh5og.
wandb: Tracking run with wandb version 0.18.7
wandb: W&B syncing is set to `offline` in this directory.  
wandb: Run `wandb online` or set WANDB_MODE=online to enable cloud syncing.
LOCAL_RANK: 0 - CUDA_VISIBLE_DEVICES: [0]

  | Name    | Type                 | Params | Mode 
---------------------------------------------------------
0 | loss_fn | MultiSimilarityLoss  | 0      | train
1 | miner   | MultiSimilarityMiner | 0      | train
2 | model   | VPRModel             | 87.6 M | train
---------------------------------------------------------
8.7 M     Trainable params
78.9 M    Non-trainable params
87.6 M    Total params
350.209   Total estimated model params size (MB)
246       Modules in train mode
0         Modules in eval mode
SLURM auto-requeueing enabled. Setting signal handlers.
`Trainer.fit` stopped: `max_epochs=40` reached.
Using bfloat16 Automatic Mixed Precision (AMP)
GPU available: True (cuda), used: True
TPU available: False, using: 0 TPU cores
HPU available: False, using: 0 HPUs
wandb: Using wandb-core as the SDK backend.  Please refer to https://wandb.me/wandb-core for more information.
wandb: WARNING `resume` will be ignored since W&B syncing is set to `offline`. Starting a new run with run id hw65yfh0.
wandb: Tracking run with wandb version 0.18.7
wandb: W&B syncing is set to `offline` in this directory.  
wandb: Run `wandb online` or set WANDB_MODE=online to enable cloud syncing.
LOCAL_RANK: 0 - CUDA_VISIBLE_DEVICES: [0]

  | Name    | Type                 | Params | Mode 
---------------------------------------------------------
0 | loss_fn | MultiSimilarityLoss  | 0      | train
1 | miner   | MultiSimilarityMiner | 0      | train
2 | model   | VPRModel             | 86.8 M | train
---------------------------------------------------------
7.9 M     Trainable params
78.9 M    Non-trainable params
86.8 M    Total params
347.059   Total estimated model params size (MB)
246       Modules in train mode
0         Modules in eval mode
SLURM auto-requeueing enabled. Setting signal handlers.
`Trainer.fit` stopped: `max_epochs=40` reached.
Using bfloat16 Automatic Mixed Precision (AMP)
GPU available: True (cuda), used: True
TPU available: False, using: 0 TPU cores
HPU available: False, using: 0 HPUs
wandb: Using wandb-core as the SDK backend.  Please refer to https://wandb.me/wandb-core for more information.
wandb: WARNING `resume` will be ignored since W&B syncing is set to `offline`. Starting a new run with run id kzg6pwwx.
wandb: Tracking run with wandb version 0.18.7
wandb: W&B syncing is set to `offline` in this directory.  
wandb: Run `wandb online` or set WANDB_MODE=online to enable cloud syncing.
LOCAL_RANK: 0 - CUDA_VISIBLE_DEVICES: [0]

  | Name    | Type                 | Params | Mode 
---------------------------------------------------------
0 | loss_fn | MultiSimilarityLoss  | 0      | train
1 | miner   | MultiSimilarityMiner | 0      | train
2 | model   | VPRModel             | 86.4 M | train
---------------------------------------------------------
7.5 M     Trainable params
78.9 M    Non-trainable params
86.4 M    Total params
345.484   Total estimated model params size (MB)
246       Modules in train mode
0         Modules in eval mode
SLURM auto-requeueing enabled. Setting signal handlers.
