Using bfloat16 Automatic Mixed Precision (AMP)
GPU available: True (cuda), used: True
TPU available: False, using: 0 TPU cores
HPU available: False, using: 0 HPUs
wandb: Using wandb-core as the SDK backend.  Please refer to https://wandb.me/wandb-core for more information.
wandb: WARNING `resume` will be ignored since W&B syncing is set to `offline`. Starting a new run with run id 6ltepc9z.
wandb: Tracking run with wandb version 0.18.7
wandb: W&B syncing is set to `offline` in this directory.  
wandb: Run `wandb online` or set WANDB_MODE=online to enable cloud syncing.
LOCAL_RANK: 0 - CUDA_VISIBLE_DEVICES: [0]

  | Name    | Type                 | Params | Mode 
---------------------------------------------------------
0 | loss_fn | MultiSimilarityLoss  | 0      | train
1 | miner   | MultiSimilarityMiner | 0      | train
2 | model   | VPRModel             | 89.0 M | train
---------------------------------------------------------
10.1 M    Trainable params
78.9 M    Non-trainable params
89.0 M    Total params
356.056   Total estimated model params size (MB)
271       Modules in train mode
0         Modules in eval mode
SLURM auto-requeueing enabled. Setting signal handlers.
`Trainer.fit` stopped: `max_epochs=40` reached.
Using bfloat16 Automatic Mixed Precision (AMP)
GPU available: True (cuda), used: True
TPU available: False, using: 0 TPU cores
HPU available: False, using: 0 HPUs
wandb: Using wandb-core as the SDK backend.  Please refer to https://wandb.me/wandb-core for more information.
wandb: WARNING `resume` will be ignored since W&B syncing is set to `offline`. Starting a new run with run id s8cco5xu.
wandb: Tracking run with wandb version 0.18.7
wandb: W&B syncing is set to `offline` in this directory.  
wandb: Run `wandb online` or set WANDB_MODE=online to enable cloud syncing.
LOCAL_RANK: 0 - CUDA_VISIBLE_DEVICES: [0]

  | Name    | Type                 | Params | Mode 
---------------------------------------------------------
0 | loss_fn | MultiSimilarityLoss  | 0      | train
1 | miner   | MultiSimilarityMiner | 0      | train
2 | model   | VPRModel             | 88.6 M | train
---------------------------------------------------------
9.7 M     Trainable params
78.9 M    Non-trainable params
88.6 M    Total params
354.481   Total estimated model params size (MB)
271       Modules in train mode
0         Modules in eval mode
SLURM auto-requeueing enabled. Setting signal handlers.
`Trainer.fit` stopped: `max_epochs=40` reached.
Using bfloat16 Automatic Mixed Precision (AMP)
GPU available: True (cuda), used: True
TPU available: False, using: 0 TPU cores
HPU available: False, using: 0 HPUs
wandb: Using wandb-core as the SDK backend.  Please refer to https://wandb.me/wandb-core for more information.
wandb: WARNING `resume` will be ignored since W&B syncing is set to `offline`. Starting a new run with run id x2uub4mt.
wandb: Tracking run with wandb version 0.18.7
wandb: W&B syncing is set to `offline` in this directory.  
wandb: Run `wandb online` or set WANDB_MODE=online to enable cloud syncing.
LOCAL_RANK: 0 - CUDA_VISIBLE_DEVICES: [0]

  | Name    | Type                 | Params | Mode 
---------------------------------------------------------
0 | loss_fn | MultiSimilarityLoss  | 0      | train
1 | miner   | MultiSimilarityMiner | 0      | train
2 | model   | VPRModel             | 88.4 M | train
---------------------------------------------------------
9.5 M     Trainable params
78.9 M    Non-trainable params
88.4 M    Total params
353.694   Total estimated model params size (MB)
271       Modules in train mode
0         Modules in eval mode
SLURM auto-requeueing enabled. Setting signal handlers.
