Running SLURM prolog script on swarmh1001
===============================================================================
Job started on Sun Feb  2 09:52:41 GMT 2025
Job ID          : 76071
Job name        : salad
WorkDir         : /iridisfs/home/oeg1n18/QuantPlaceFinder
Command         : /iridisfs/home/oeg1n18/QuantPlaceFinder/jobfiles/finetune/salad.slurm
Partition       : swarm_h100
Num hosts       : 1
Num cores       : 12
Num of tasks    : 1
Hosts allocated : swarmh1001
Job Output Follows ...
===============================================================================
=================================== None
=================================== None

Validation Results:
+---------+-------------+------------+
| Dataset | Float32 R@1 | Binary R@1 |
+---------+-------------+------------+
|   MSLS  |    83.8%    |   83.4%    |
+---------+-------------+------------+

Validation Results:
+---------+-------------+------------+
| Dataset | Float32 R@1 | Binary R@1 |
+---------+-------------+------------+
|   MSLS  |    84.8%    |   84.4%    |
+---------+-------------+------------+

Validation Results:
+---------+-------------+------------+
| Dataset | Float32 R@1 | Binary R@1 |
+---------+-------------+------------+
|   MSLS  |    84.9%    |   84.4%    |
+---------+-------------+------------+

Validation Results:
+---------+-------------+------------+
| Dataset | Float32 R@1 | Binary R@1 |
+---------+-------------+------------+
|   MSLS  |    84.9%    |   84.3%    |
+---------+-------------+------------+

Validation Results:
+---------+-------------+------------+
| Dataset | Float32 R@1 | Binary R@1 |
+---------+-------------+------------+
|   MSLS  |    84.7%    |   84.3%    |
+---------+-------------+------------+

Validation Results:
+---------+-------------+------------+
| Dataset | Float32 R@1 | Binary R@1 |
+---------+-------------+------------+
|   MSLS  |    85.1%    |   84.6%    |
+---------+-------------+------------+

Validation Results:
+---------+-------------+------------+
| Dataset | Float32 R@1 | Binary R@1 |
+---------+-------------+------------+
|   MSLS  |    84.7%    |   84.4%    |
+---------+-------------+------------+

Validation Results:
+---------+-------------+------------+
| Dataset | Float32 R@1 | Binary R@1 |
+---------+-------------+------------+
|   MSLS  |    84.8%    |   84.4%    |
+---------+-------------+------------+

Validation Results:
+---------+-------------+------------+
| Dataset | Float32 R@1 | Binary R@1 |
+---------+-------------+------------+
|   MSLS  |    84.6%    |   84.4%    |
+---------+-------------+------------+

Validation Results:
+---------+-------------+------------+
| Dataset | Float32 R@1 | Binary R@1 |
+---------+-------------+------------+
|   MSLS  |    84.7%    |   84.4%    |
+---------+-------------+------------+

Validation Results:
+---------+-------------+------------+
| Dataset | Float32 R@1 | Binary R@1 |
+---------+-------------+------------+
|   MSLS  |    84.8%    |   84.5%    |
+---------+-------------+------------+

Validation Results:
+---------+-------------+------------+
| Dataset | Float32 R@1 | Binary R@1 |
+---------+-------------+------------+
|   MSLS  |    84.6%    |   84.6%    |
+---------+-------------+------------+

Validation Results:
+---------+-------------+------------+
| Dataset | Float32 R@1 | Binary R@1 |
+---------+-------------+------------+
|   MSLS  |    84.7%    |   84.8%    |
+---------+-------------+------------+

Validation Results:
+---------+-------------+------------+
| Dataset | Float32 R@1 | Binary R@1 |
+---------+-------------+------------+
|   MSLS  |    84.7%    |   84.6%    |
+---------+-------------+------------+

Validation Results:
+---------+-------------+------------+
| Dataset | Float32 R@1 | Binary R@1 |
+---------+-------------+------------+
|   MSLS  |    84.9%    |   84.7%    |
+---------+-------------+------------+

Validation Results:
+---------+-------------+------------+
| Dataset | Float32 R@1 | Binary R@1 |
+---------+-------------+------------+
|   MSLS  |    84.9%    |   84.6%    |
+---------+-------------+------------+

Validation Results:
+---------+-------------+------------+
| Dataset | Float32 R@1 | Binary R@1 |
+---------+-------------+------------+
|   MSLS  |    85.0%    |   84.6%    |
+---------+-------------+------------+

Validation Results:
+---------+-------------+------------+
| Dataset | Float32 R@1 | Binary R@1 |
+---------+-------------+------------+
|   MSLS  |    85.0%    |   84.5%    |
+---------+-------------+------------+

Validation Results:
+---------+-------------+------------+
| Dataset | Float32 R@1 | Binary R@1 |
+---------+-------------+------------+
|   MSLS  |    85.0%    |   84.6%    |
+---------+-------------+------------+

Validation Results:
+---------+-------------+------------+
| Dataset | Float32 R@1 | Binary R@1 |
+---------+-------------+------------+
|   MSLS  |    85.1%    |   84.6%    |
+---------+-------------+------------+

Validation Results:
+---------+-------------+------------+
| Dataset | Float32 R@1 | Binary R@1 |
+---------+-------------+------------+
|   MSLS  |    85.1%    |   84.5%    |
+---------+-------------+------------+

Validation Results:
+---------+-------------+------------+
| Dataset | Float32 R@1 | Binary R@1 |
+---------+-------------+------------+
|   MSLS  |    85.1%    |   84.6%    |
+---------+-------------+------------+

Validation Results:
+---------+-------------+------------+
| Dataset | Float32 R@1 | Binary R@1 |
+---------+-------------+------------+
|   MSLS  |    85.0%    |   84.3%    |
+---------+-------------+------------+

Validation Results:
+---------+-------------+------------+
| Dataset | Float32 R@1 | Binary R@1 |
+---------+-------------+------------+
|   MSLS  |    85.0%    |   84.4%    |
+---------+-------------+------------+

Validation Results:
+---------+-------------+------------+
| Dataset | Float32 R@1 | Binary R@1 |
+---------+-------------+------------+
|   MSLS  |    85.0%    |   84.6%    |
+---------+-------------+------------+

Validation Results:
+---------+-------------+------------+
| Dataset | Float32 R@1 | Binary R@1 |
+---------+-------------+------------+
|   MSLS  |    85.0%    |   84.6%    |
+---------+-------------+------------+

Validation Results:
+---------+-------------+------------+
| Dataset | Float32 R@1 | Binary R@1 |
+---------+-------------+------------+
|   MSLS  |    85.0%    |   84.7%    |
+---------+-------------+------------+

Validation Results:
+---------+-------------+------------+
| Dataset | Float32 R@1 | Binary R@1 |
+---------+-------------+------------+
|   MSLS  |    85.0%    |   84.6%    |
+---------+-------------+------------+

Validation Results:
+---------+-------------+------------+
| Dataset | Float32 R@1 | Binary R@1 |
+---------+-------------+------------+
|   MSLS  |    85.0%    |   84.6%    |
+---------+-------------+------------+

Validation Results:
+---------+-------------+------------+
| Dataset | Float32 R@1 | Binary R@1 |
+---------+-------------+------------+
|   MSLS  |    85.0%    |   84.6%    |
+---------+-------------+------------+

Validation Results:
+---------+-------------+------------+
| Dataset | Float32 R@1 | Binary R@1 |
+---------+-------------+------------+
|   MSLS  |    85.0%    |   84.5%    |
+---------+-------------+------------+

Validation Results:
+---------+-------------+------------+
| Dataset | Float32 R@1 | Binary R@1 |
+---------+-------------+------------+
|   MSLS  |    85.0%    |   84.6%    |
+---------+-------------+------------+

Validation Results:
+---------+-------------+------------+
| Dataset | Float32 R@1 | Binary R@1 |
+---------+-------------+------------+
|   MSLS  |    85.0%    |   84.7%    |
+---------+-------------+------------+

Validation Results:
+---------+-------------+------------+
| Dataset | Float32 R@1 | Binary R@1 |
+---------+-------------+------------+
|   MSLS  |    85.0%    |   84.6%    |
+---------+-------------+------------+

Validation Results:
+---------+-------------+------------+
| Dataset | Float32 R@1 | Binary R@1 |
+---------+-------------+------------+
|   MSLS  |    85.0%    |   84.6%    |
+---------+-------------+------------+

Validation Results:
+---------+-------------+------------+
| Dataset | Float32 R@1 | Binary R@1 |
+---------+-------------+------------+
|   MSLS  |    85.0%    |   84.7%    |
+---------+-------------+------------+

Validation Results:
+---------+-------------+------------+
| Dataset | Float32 R@1 | Binary R@1 |
+---------+-------------+------------+
|   MSLS  |    85.0%    |   84.7%    |
+---------+-------------+------------+

Validation Results:
+---------+-------------+------------+
| Dataset | Float32 R@1 | Binary R@1 |
+---------+-------------+------------+
|   MSLS  |    85.0%    |   84.6%    |
+---------+-------------+------------+

Validation Results:
+---------+-------------+------------+
| Dataset | Float32 R@1 | Binary R@1 |
+---------+-------------+------------+
|   MSLS  |    85.0%    |   84.6%    |
+---------+-------------+------------+

Validation Results:
+---------+-------------+------------+
| Dataset | Float32 R@1 | Binary R@1 |
+---------+-------------+------------+
|   MSLS  |    85.0%    |   84.6%    |
+---------+-------------+------------+
[1;34mwandb[0m:
[1;34mwandb[0m: You can sync this run to the cloud by running:
[1;34mwandb[0m: [1mwandb sync ./wandb/offline-run-20250202_095251-6pj9zpiu[0m
=================================== None
=================================== None

Validation Results:
+---------+-------------+------------+
| Dataset | Float32 R@1 | Binary R@1 |
+---------+-------------+------------+
|   MSLS  |    83.6%    |   82.5%    |
+---------+-------------+------------+

Validation Results:
+---------+-------------+------------+
| Dataset | Float32 R@1 | Binary R@1 |
+---------+-------------+------------+
|   MSLS  |    84.4%    |   83.6%    |
+---------+-------------+------------+

Validation Results:
+---------+-------------+------------+
| Dataset | Float32 R@1 | Binary R@1 |
+---------+-------------+------------+
|   MSLS  |    84.3%    |   83.7%    |
+---------+-------------+------------+

Validation Results:
+---------+-------------+------------+
| Dataset | Float32 R@1 | Binary R@1 |
+---------+-------------+------------+
|   MSLS  |    84.4%    |   83.6%    |
+---------+-------------+------------+

Validation Results:
+---------+-------------+------------+
| Dataset | Float32 R@1 | Binary R@1 |
+---------+-------------+------------+
|   MSLS  |    84.5%    |   83.6%    |
+---------+-------------+------------+

Validation Results:
+---------+-------------+------------+
| Dataset | Float32 R@1 | Binary R@1 |
+---------+-------------+------------+
|   MSLS  |    84.6%    |   83.7%    |
+---------+-------------+------------+

Validation Results:
+---------+-------------+------------+
| Dataset | Float32 R@1 | Binary R@1 |
+---------+-------------+------------+
|   MSLS  |    84.6%    |   83.7%    |
+---------+-------------+------------+

Validation Results:
+---------+-------------+------------+
| Dataset | Float32 R@1 | Binary R@1 |
+---------+-------------+------------+
|   MSLS  |    84.5%    |   83.6%    |
+---------+-------------+------------+

Validation Results:
+---------+-------------+------------+
| Dataset | Float32 R@1 | Binary R@1 |
+---------+-------------+------------+
|   MSLS  |    84.6%    |   83.9%    |
+---------+-------------+------------+

Validation Results:
+---------+-------------+------------+
| Dataset | Float32 R@1 | Binary R@1 |
+---------+-------------+------------+
|   MSLS  |    84.6%    |   83.8%    |
+---------+-------------+------------+

Validation Results:
+---------+-------------+------------+
| Dataset | Float32 R@1 | Binary R@1 |
+---------+-------------+------------+
|   MSLS  |    84.6%    |   83.5%    |
+---------+-------------+------------+

Validation Results:
+---------+-------------+------------+
| Dataset | Float32 R@1 | Binary R@1 |
+---------+-------------+------------+
|   MSLS  |    84.4%    |   83.8%    |
+---------+-------------+------------+

Validation Results:
+---------+-------------+------------+
| Dataset | Float32 R@1 | Binary R@1 |
+---------+-------------+------------+
|   MSLS  |    84.6%    |   83.8%    |
+---------+-------------+------------+

Validation Results:
+---------+-------------+------------+
| Dataset | Float32 R@1 | Binary R@1 |
+---------+-------------+------------+
|   MSLS  |    84.9%    |   84.0%    |
+---------+-------------+------------+

Validation Results:
+---------+-------------+------------+
| Dataset | Float32 R@1 | Binary R@1 |
+---------+-------------+------------+
|   MSLS  |    84.7%    |   83.8%    |
+---------+-------------+------------+

Validation Results:
+---------+-------------+------------+
| Dataset | Float32 R@1 | Binary R@1 |
+---------+-------------+------------+
|   MSLS  |    84.7%    |   84.0%    |
+---------+-------------+------------+

Validation Results:
+---------+-------------+------------+
| Dataset | Float32 R@1 | Binary R@1 |
+---------+-------------+------------+
|   MSLS  |    84.7%    |   83.8%    |
+---------+-------------+------------+

Validation Results:
+---------+-------------+------------+
| Dataset | Float32 R@1 | Binary R@1 |
+---------+-------------+------------+
|   MSLS  |    84.6%    |   84.0%    |
+---------+-------------+------------+

Validation Results:
+---------+-------------+------------+
| Dataset | Float32 R@1 | Binary R@1 |
+---------+-------------+------------+
|   MSLS  |    84.7%    |   83.9%    |
+---------+-------------+------------+

Validation Results:
+---------+-------------+------------+
| Dataset | Float32 R@1 | Binary R@1 |
+---------+-------------+------------+
|   MSLS  |    84.6%    |   83.6%    |
+---------+-------------+------------+

Validation Results:
+---------+-------------+------------+
| Dataset | Float32 R@1 | Binary R@1 |
+---------+-------------+------------+
|   MSLS  |    84.7%    |   83.7%    |
+---------+-------------+------------+

Validation Results:
+---------+-------------+------------+
| Dataset | Float32 R@1 | Binary R@1 |
+---------+-------------+------------+
|   MSLS  |    84.6%    |   83.9%    |
+---------+-------------+------------+

Validation Results:
+---------+-------------+------------+
| Dataset | Float32 R@1 | Binary R@1 |
+---------+-------------+------------+
|   MSLS  |    84.6%    |   83.9%    |
+---------+-------------+------------+

Validation Results:
+---------+-------------+------------+
| Dataset | Float32 R@1 | Binary R@1 |
+---------+-------------+------------+
|   MSLS  |    84.6%    |   83.8%    |
+---------+-------------+------------+

Validation Results:
+---------+-------------+------------+
| Dataset | Float32 R@1 | Binary R@1 |
+---------+-------------+------------+
|   MSLS  |    84.6%    |   83.8%    |
+---------+-------------+------------+

Validation Results:
+---------+-------------+------------+
| Dataset | Float32 R@1 | Binary R@1 |
+---------+-------------+------------+
|   MSLS  |    84.6%    |   83.9%    |
+---------+-------------+------------+

Validation Results:
+---------+-------------+------------+
| Dataset | Float32 R@1 | Binary R@1 |
+---------+-------------+------------+
|   MSLS  |    84.6%    |   83.9%    |
+---------+-------------+------------+

Validation Results:
+---------+-------------+------------+
| Dataset | Float32 R@1 | Binary R@1 |
+---------+-------------+------------+
|   MSLS  |    84.6%    |   83.8%    |
+---------+-------------+------------+

Validation Results:
+---------+-------------+------------+
| Dataset | Float32 R@1 | Binary R@1 |
+---------+-------------+------------+
|   MSLS  |    84.5%    |   83.8%    |
+---------+-------------+------------+

Validation Results:
+---------+-------------+------------+
| Dataset | Float32 R@1 | Binary R@1 |
+---------+-------------+------------+
|   MSLS  |    84.6%    |   83.7%    |
+---------+-------------+------------+

Validation Results:
+---------+-------------+------------+
| Dataset | Float32 R@1 | Binary R@1 |
+---------+-------------+------------+
|   MSLS  |    84.6%    |   83.7%    |
+---------+-------------+------------+

Validation Results:
+---------+-------------+------------+
| Dataset | Float32 R@1 | Binary R@1 |
+---------+-------------+------------+
|   MSLS  |    84.6%    |   83.7%    |
+---------+-------------+------------+

Validation Results:
+---------+-------------+------------+
| Dataset | Float32 R@1 | Binary R@1 |
+---------+-------------+------------+
|   MSLS  |    84.6%    |   83.8%    |
+---------+-------------+------------+

Validation Results:
+---------+-------------+------------+
| Dataset | Float32 R@1 | Binary R@1 |
+---------+-------------+------------+
|   MSLS  |    84.7%    |   83.8%    |
+---------+-------------+------------+

Validation Results:
+---------+-------------+------------+
| Dataset | Float32 R@1 | Binary R@1 |
+---------+-------------+------------+
|   MSLS  |    84.6%    |   83.9%    |
+---------+-------------+------------+

Validation Results:
+---------+-------------+------------+
| Dataset | Float32 R@1 | Binary R@1 |
+---------+-------------+------------+
|   MSLS  |    84.6%    |   83.8%    |
+---------+-------------+------------+

Validation Results:
+---------+-------------+------------+
| Dataset | Float32 R@1 | Binary R@1 |
+---------+-------------+------------+
|   MSLS  |    84.6%    |   83.9%    |
+---------+-------------+------------+

Validation Results:
+---------+-------------+------------+
| Dataset | Float32 R@1 | Binary R@1 |
+---------+-------------+------------+
|   MSLS  |    84.6%    |   83.8%    |
+---------+-------------+------------+

Validation Results:
+---------+-------------+------------+
| Dataset | Float32 R@1 | Binary R@1 |
+---------+-------------+------------+
|   MSLS  |    84.6%    |   83.8%    |
+---------+-------------+------------+

Validation Results:
+---------+-------------+------------+
| Dataset | Float32 R@1 | Binary R@1 |
+---------+-------------+------------+
|   MSLS  |    84.6%    |   83.9%    |
+---------+-------------+------------+
[1;34mwandb[0m:
[1;34mwandb[0m: You can sync this run to the cloud by running:
[1;34mwandb[0m: [1mwandb sync ./wandb/offline-run-20250202_195931-84cboxyf[0m
=================================== None
=================================== None

Validation Results:
+---------+-------------+------------+
| Dataset | Float32 R@1 | Binary R@1 |
+---------+-------------+------------+
|   MSLS  |    82.3%    |   81.0%    |
+---------+-------------+------------+

Validation Results:
+---------+-------------+------------+
| Dataset | Float32 R@1 | Binary R@1 |
+---------+-------------+------------+
|   MSLS  |    82.7%    |   81.6%    |
+---------+-------------+------------+

Validation Results:
+---------+-------------+------------+
| Dataset | Float32 R@1 | Binary R@1 |
+---------+-------------+------------+
|   MSLS  |    83.0%    |   81.9%    |
+---------+-------------+------------+

Validation Results:
+---------+-------------+------------+
| Dataset | Float32 R@1 | Binary R@1 |
+---------+-------------+------------+
|   MSLS  |    82.8%    |   82.0%    |
+---------+-------------+------------+

Validation Results:
+---------+-------------+------------+
| Dataset | Float32 R@1 | Binary R@1 |
+---------+-------------+------------+
|   MSLS  |    83.2%    |   82.1%    |
+---------+-------------+------------+

Validation Results:
+---------+-------------+------------+
| Dataset | Float32 R@1 | Binary R@1 |
+---------+-------------+------------+
|   MSLS  |    83.4%    |   82.5%    |
+---------+-------------+------------+

Validation Results:
+---------+-------------+------------+
| Dataset | Float32 R@1 | Binary R@1 |
+---------+-------------+------------+
|   MSLS  |    83.5%    |   82.6%    |
+---------+-------------+------------+

Validation Results:
+---------+-------------+------------+
| Dataset | Float32 R@1 | Binary R@1 |
+---------+-------------+------------+
|   MSLS  |    83.8%    |   82.4%    |
+---------+-------------+------------+

Validation Results:
+---------+-------------+------------+
| Dataset | Float32 R@1 | Binary R@1 |
+---------+-------------+------------+
|   MSLS  |    83.8%    |   82.2%    |
+---------+-------------+------------+

Validation Results:
+---------+-------------+------------+
| Dataset | Float32 R@1 | Binary R@1 |
+---------+-------------+------------+
|   MSLS  |    83.7%    |   82.2%    |
+---------+-------------+------------+

Validation Results:
+---------+-------------+------------+
| Dataset | Float32 R@1 | Binary R@1 |
+---------+-------------+------------+
|   MSLS  |    83.8%    |   82.6%    |
+---------+-------------+------------+

Validation Results:
+---------+-------------+------------+
| Dataset | Float32 R@1 | Binary R@1 |
+---------+-------------+------------+
|   MSLS  |    83.8%    |   82.4%    |
+---------+-------------+------------+

Validation Results:
+---------+-------------+------------+
| Dataset | Float32 R@1 | Binary R@1 |
+---------+-------------+------------+
|   MSLS  |    84.1%    |   82.5%    |
+---------+-------------+------------+

Validation Results:
+---------+-------------+------------+
| Dataset | Float32 R@1 | Binary R@1 |
+---------+-------------+------------+
|   MSLS  |    84.0%    |   82.5%    |
+---------+-------------+------------+

Validation Results:
+---------+-------------+------------+
| Dataset | Float32 R@1 | Binary R@1 |
+---------+-------------+------------+
|   MSLS  |    83.9%    |   82.4%    |
+---------+-------------+------------+

Validation Results:
+---------+-------------+------------+
| Dataset | Float32 R@1 | Binary R@1 |
+---------+-------------+------------+
|   MSLS  |    84.0%    |   82.4%    |
+---------+-------------+------------+
